#
# There is insufficient memory for the Java Runtime Environment to continue.
# Native memory allocation (mmap) failed to map 65011712 bytes for Failed to commit area from 0x0000000093600000 to 0x0000000097400000 of length 65011712.
# Possible reasons:
#   The system is out of physical RAM or swap space
#   The process is running with CompressedOops enabled, and the Java Heap may be blocking the growth of the native heap
# Possible solutions:
#   Reduce memory load on the system
#   Increase physical memory or swap space
#   Check if swap backing store is full
#   Decrease Java heap size (-Xmx/-Xms)
#   Decrease number of Java threads
#   Decrease Java thread stack sizes (-Xss)
#   Set larger code cache with -XX:ReservedCodeCacheSize=
#   JVM is running with Unscaled Compressed Oops mode in which the Java heap is
#     placed in the first 4GB address space. The Java Heap base address is the
#     maximum limit for the native heap growth. Please use -XX:HeapBaseMinAddress
#     to set the Java Heap base and to place the Java Heap above 4GB virtual address.
# This output file may be truncated or incomplete.
#
#  Out of Memory Error (./src/hotspot/os/windows/os_windows.cpp:3301), pid=7896, tid=7176
#
# JRE version: OpenJDK Runtime Environment (11.0.11+9) (build 11.0.11+9-b60-7590822)
# Java VM: OpenJDK 64-Bit Server VM (11.0.11+9-b60-7590822, mixed mode, tiered, compressed oops, g1 gc, windows-amd64)
# No core dump will be written. Minidumps are not enabled by default on client versions of Windows
#

---------------  S U M M A R Y ------------

Command Line: --add-opens=java.base/java.util=ALL-UNNAMED --add-opens=java.base/java.lang=ALL-UNNAMED --add-opens=java.base/java.lang.invoke=ALL-UNNAMED --add-opens=java.base/java.util=ALL-UNNAMED --add-opens=java.prefs/java.util.prefs=ALL-UNNAMED --add-opens=java.prefs/java.util.prefs=ALL-UNNAMED --add-opens=java.base/java.nio.charset=ALL-UNNAMED --add-opens=java.base/java.net=ALL-UNNAMED --add-opens=java.base/java.util.concurrent.atomic=ALL-UNNAMED -Xmx2048m -Dfile.encoding=UTF-8 -Duser.country=US -Duser.language=en -Duser.variant org.gradle.launcher.daemon.bootstrap.GradleDaemon 7.2

Host: Intel(R) Core(TM) i3-1005G1 CPU @ 1.20GHz, 4 cores, 7G,  Windows 10 , 64 bit Build 22000 (10.0.22000.434)
Time: Wed Mar  9 05:07:47 2022 W. Central Africa Standard Time elapsed time: 45.440528 seconds (0d 0h 0m 45s)

---------------  T H R E A D  ---------------

Current thread (0x00000225ffe0f000):  VMThread "VM Thread" [stack: 0x00000049f0700000,0x00000049f0800000] [id=7176]

Stack: [0x00000049f0700000,0x00000049f0800000]
[error occurred during error reporting (printing stack bounds), id 0xc0000005, EXCEPTION_ACCESS_VIOLATION (0xc0000005) at pc=0x00000225ed5b10e7]

Native frames: (J=compiled Java code, j=interpreted, Vv=VM code, C=native code)
V  [jvm.dll+0x5f214a]
V  [jvm.dll+0x726fb5]
V  [jvm.dll+0x7285cd]
V  [jvm.dll+0x728be5]
V  [jvm.dll+0x728b9b]
V  [jvm.dll+0x5f14e8]
V  [jvm.dll+0x5f1c78]
C  [ntdll.dll+0xa86ef]
C  [ntdll.dll+0x35aea]
C  [ntdll.dll+0xa76fe]
C  0x00000225ed5b10e7

VM_Operation (0x00000049f3df8f50): G1CollectForAllocation, mode: safepoint, requested by thread 0x0000022587e1c000


---------------  P R O C E S S  ---------------

Threads class SMR info:
_java_thread_list=0x00000225870e4950, length=96, elements={
0x00000225e82ed800, 0x00000225ffe12800, 0x00000225ffe16000, 0x0000022584842800,
0x00000225ffe2f000, 0x00000225ffe2f800, 0x00000225ffe33800, 0x00000225ffe38000,
0x00000225ffe39000, 0x0000022584992000, 0x000002258637f800, 0x0000022586901800,
0x0000022585e3b000, 0x0000022585a5c800, 0x0000022586195000, 0x00000225862a3800,
0x00000225871e7000, 0x0000022586f10800, 0x00000225871e8000, 0x0000022586d46800,
0x0000022586d47800, 0x0000022586d49000, 0x0000022586d48800, 0x0000022586d4a000,
0x0000022586d44800, 0x0000022586d4b000, 0x0000022586d45000, 0x0000022586d46000,
0x00000225873c7000, 0x00000225873c8000, 0x00000225873cd800, 0x00000225873cc000,
0x00000225873cb000, 0x00000225873c9800, 0x00000225873ca800, 0x0000022587e14800,
0x0000022587e15800, 0x0000022587e11000, 0x0000022587e13000, 0x0000022587e12000,
0x0000022587e13800, 0x0000022587e16000, 0x0000022587e10800, 0x0000022587e1c800,
0x0000022587e17000, 0x0000022587e1a000, 0x0000022587e19800, 0x0000022587e1b000,
0x0000022587e1d800, 0x0000022587e1c000, 0x0000022587e18000, 0x0000022587e1e800,
0x0000022587e18800, 0x0000022587e1f000, 0x00000225879f8800, 0x00000225879f6000,
0x00000225879f5800, 0x00000225879fa000, 0x00000225879f7800, 0x00000225879fc800,
0x00000225879f9800, 0x00000225879fb000, 0x00000225879fc000, 0x00000225879f7000,
0x0000022587a01800, 0x0000022587a03000, 0x00000225879ff000, 0x00000225879fe800,
0x00000225879fd800, 0x0000022587a04000, 0x0000022587a00000, 0x0000022587a00800,
0x0000022587a02800, 0x000002258a629000, 0x000002258a62a000, 0x000002258a627800,
0x000002258a625000, 0x000002258a624000, 0x000002258a62b000, 0x000002258a626000,
0x000002258a62c800, 0x000002258a626800, 0x000002258a62d000, 0x000002258a62e000,
0x000002258a628800, 0x000002258a62f000, 0x000002258a62f800, 0x000002258a630800,
0x000002258a632000, 0x000002258a633000, 0x000002258735c800, 0x000002258735b000,
0x0000022587358800, 0x0000022587357000, 0x000002258735c000, 0x000002258b934800
}

Java Threads: ( => current thread )
  0x00000225e82ed800 JavaThread "main" [_thread_blocked, id=12712, stack(0x00000049f0100000,0x00000049f0200000)]
  0x00000225ffe12800 JavaThread "Reference Handler" daemon [_thread_blocked, id=11320, stack(0x00000049f0800000,0x00000049f0900000)]
  0x00000225ffe16000 JavaThread "Finalizer" daemon [_thread_blocked, id=144, stack(0x00000049f0900000,0x00000049f0a00000)]
  0x0000022584842800 JavaThread "Signal Dispatcher" daemon [_thread_blocked, id=10632, stack(0x00000049f0a00000,0x00000049f0b00000)]
  0x00000225ffe2f000 JavaThread "Attach Listener" daemon [_thread_blocked, id=5800, stack(0x00000049f0b00000,0x00000049f0c00000)]
  0x00000225ffe2f800 JavaThread "Service Thread" daemon [_thread_blocked, id=10252, stack(0x00000049f0c00000,0x00000049f0d00000)]
  0x00000225ffe33800 JavaThread "C2 CompilerThread0" daemon [_thread_in_native, id=11048, stack(0x00000049f0d00000,0x00000049f0e00000)]
  0x00000225ffe38000 JavaThread "C1 CompilerThread0" daemon [_thread_blocked, id=14800, stack(0x00000049f0e00000,0x00000049f0f00000)]
  0x00000225ffe39000 JavaThread "Sweeper thread" daemon [_thread_blocked, id=7092, stack(0x00000049f0f00000,0x00000049f1000000)]
  0x0000022584992000 JavaThread "Common-Cleaner" daemon [_thread_blocked, id=3784, stack(0x00000049f1000000,0x00000049f1100000)]
  0x000002258637f800 JavaThread "Daemon health stats" [_thread_blocked, id=5328, stack(0x00000049f1400000,0x00000049f1500000)]
  0x0000022586901800 JavaThread "Incoming local TCP Connector on port 57565" [_thread_in_native, id=15132, stack(0x00000049f1200000,0x00000049f1300000)]
  0x0000022585e3b000 JavaThread "Daemon periodic checks" [_thread_blocked, id=10724, stack(0x00000049f1500000,0x00000049f1600000)]
  0x0000022585a5c800 JavaThread "Daemon" [_thread_blocked, id=13124, stack(0x00000049f1600000,0x00000049f1700000)]
  0x0000022586195000 JavaThread "Handler for socket connection from /127.0.0.1:57565 to /127.0.0.1:57566" [_thread_in_native, id=15056, stack(0x00000049f1700000,0x00000049f1800000)]
  0x00000225862a3800 JavaThread "Cancel handler" [_thread_blocked, id=1976, stack(0x00000049f1800000,0x00000049f1900000)]
  0x00000225871e7000 JavaThread "Daemon worker" [_thread_blocked, id=14304, stack(0x00000049f1900000,0x00000049f1a00000)]
  0x0000022586f10800 JavaThread "Asynchronous log dispatcher for DefaultDaemonConnection: socket connection from /127.0.0.1:57565 to /127.0.0.1:57566" [_thread_blocked, id=484, stack(0x00000049f1a00000,0x00000049f1b00000)]
  0x00000225871e8000 JavaThread "Stdin handler" [_thread_blocked, id=3036, stack(0x00000049f1b00000,0x00000049f1c00000)]
  0x0000022586d46800 JavaThread "Daemon client event forwarder" [_thread_blocked, id=9896, stack(0x00000049f1c00000,0x00000049f1d00000)]
  0x0000022586d47800 JavaThread "Cache worker for journal cache (C:\Users\Hp\.gradle\caches\journal-1)" [_thread_blocked, id=11332, stack(0x00000049f1d00000,0x00000049f1e00000)]
  0x0000022586d49000 JavaThread "File lock request listener" [_thread_in_native, id=4332, stack(0x00000049f1e00000,0x00000049f1f00000)]
  0x0000022586d48800 JavaThread "Cache worker for file hash cache (C:\Users\Hp\.gradle\caches\7.2\fileHashes)" [_thread_blocked, id=13372, stack(0x00000049f1f00000,0x00000049f2000000)]
  0x0000022586d4a000 JavaThread "Cache worker for file hash cache (C:\Users\Hp\AndroidStudioProjects\MailedaApp2\.gradle\7.2\fileHashes)" [_thread_blocked, id=14152, stack(0x00000049f2300000,0x00000049f2400000)]
  0x0000022586d44800 JavaThread "File watcher server" daemon [_thread_blocked, id=4648, stack(0x00000049f2400000,0x00000049f2500000)]
  0x0000022586d4b000 JavaThread "File watcher consumer" daemon [_thread_blocked, id=11216, stack(0x00000049f2500000,0x00000049f2600000)]
  0x0000022586d45000 JavaThread "Cache worker for checksums cache (C:\Users\Hp\AndroidStudioProjects\MailedaApp2\.gradle\checksums)" [_thread_blocked, id=8908, stack(0x00000049f2600000,0x00000049f2700000)]
  0x0000022586d46000 JavaThread "Cache worker for cache directory md-supplier (C:\Users\Hp\.gradle\caches\7.2\md-supplier)" [_thread_blocked, id=14676, stack(0x00000049f2700000,0x00000049f2800000)]
  0x00000225873c7000 JavaThread "Cache worker for cache directory md-rule (C:\Users\Hp\.gradle\caches\7.2\md-rule)" [_thread_blocked, id=1752, stack(0x00000049f2800000,0x00000049f2900000)]
  0x00000225873c8000 JavaThread "Cache worker for execution history cache (C:\Users\Hp\.gradle\caches\7.2\executionHistory)" [_thread_blocked, id=15316, stack(0x00000049f2900000,0x00000049f2a00000)]
  0x00000225873cd800 JavaThread "jar transforms" [_thread_blocked, id=13944, stack(0x00000049f2a00000,0x00000049f2b00000)]
  0x00000225873cc000 JavaThread "Cache worker for file content cache (C:\Users\Hp\.gradle\caches\7.2\fileContent)" [_thread_blocked, id=14016, stack(0x00000049f2b00000,0x00000049f2c00000)]
  0x00000225873cb000 JavaThread "jar transforms Thread 2" [_thread_blocked, id=14912, stack(0x00000049f2c00000,0x00000049f2d00000)]
  0x00000225873c9800 JavaThread "Cache worker for dependencies-accessors (C:\Users\Hp\AndroidStudioProjects\MailedaApp2\.gradle\7.2\dependencies-accessors)" [_thread_blocked, id=7812, stack(0x00000049f2d00000,0x00000049f2e00000)]
  0x00000225873ca800 JavaThread "jar transforms Thread 3" [_thread_blocked, id=4868, stack(0x00000049f2e00000,0x00000049f2f00000)]
  0x0000022587e14800 JavaThread "Cache worker for Build Output Cleanup Cache (C:\Users\Hp\AndroidStudioProjects\MailedaApp2\.gradle\buildOutputCleanup)" [_thread_blocked, id=7544, stack(0x00000049f2f00000,0x00000049f3000000)]
  0x0000022587e15800 JavaThread "Unconstrained build operations" [_thread_blocked, id=13340, stack(0x00000049f3000000,0x00000049f3100000)]
  0x0000022587e11000 JavaThread "Unconstrained build operations Thread 2" [_thread_blocked, id=7572, stack(0x00000049f3100000,0x00000049f3200000)]
  0x0000022587e13000 JavaThread "Unconstrained build operations Thread 3" [_thread_blocked, id=10668, stack(0x00000049f3200000,0x00000049f3300000)]
  0x0000022587e12000 JavaThread "Unconstrained build operations Thread 4" [_thread_blocked, id=14604, stack(0x00000049f3300000,0x00000049f3400000)]
  0x0000022587e13800 JavaThread "Unconstrained build operations Thread 5" [_thread_blocked, id=13324, stack(0x00000049f3400000,0x00000049f3500000)]
  0x0000022587e16000 JavaThread "Unconstrained build operations Thread 6" [_thread_blocked, id=1924, stack(0x00000049f3500000,0x00000049f3600000)]
  0x0000022587e10800 JavaThread "Unconstrained build operations Thread 7" [_thread_blocked, id=1680, stack(0x00000049f3600000,0x00000049f3700000)]
  0x0000022587e1c800 JavaThread "Unconstrained build operations Thread 8" [_thread_blocked, id=4004, stack(0x00000049f3700000,0x00000049f3800000)]
  0x0000022587e17000 JavaThread "Unconstrained build operations Thread 9" [_thread_blocked, id=11832, stack(0x00000049f3800000,0x00000049f3900000)]
  0x0000022587e1a000 JavaThread "Unconstrained build operations Thread 10" [_thread_blocked, id=15284, stack(0x00000049f3900000,0x00000049f3a00000)]
  0x0000022587e19800 JavaThread "Unconstrained build operations Thread 11" [_thread_blocked, id=13344, stack(0x00000049f3a00000,0x00000049f3b00000)]
  0x0000022587e1b000 JavaThread "Unconstrained build operations Thread 12" [_thread_blocked, id=14232, stack(0x00000049f3b00000,0x00000049f3c00000)]
  0x0000022587e1d800 JavaThread "Unconstrained build operations Thread 13" [_thread_blocked, id=13784, stack(0x00000049f3c00000,0x00000049f3d00000)]
  0x0000022587e1c000 JavaThread "Unconstrained build operations Thread 14" [_thread_blocked, id=8084, stack(0x00000049f3d00000,0x00000049f3e00000)]
  0x0000022587e18000 JavaThread "Unconstrained build operations Thread 15" [_thread_blocked, id=12624, stack(0x00000049f3e00000,0x00000049f3f00000)]
  0x0000022587e1e800 JavaThread "Unconstrained build operations Thread 16" [_thread_blocked, id=3704, stack(0x00000049f3f00000,0x00000049f4000000)]
  0x0000022587e18800 JavaThread "Unconstrained build operations Thread 17" [_thread_blocked, id=5792, stack(0x00000049f4000000,0x00000049f4100000)]
  0x0000022587e1f000 JavaThread "Unconstrained build operations Thread 18" [_thread_blocked, id=13820, stack(0x00000049f4100000,0x00000049f4200000)]
  0x00000225879f8800 JavaThread "Unconstrained build operations Thread 19" [_thread_blocked, id=4088, stack(0x00000049f4200000,0x00000049f4300000)]
  0x00000225879f6000 JavaThread "Unconstrained build operations Thread 20" [_thread_blocked, id=13464, stack(0x00000049f4300000,0x00000049f4400000)]
  0x00000225879f5800 JavaThread "Unconstrained build operations Thread 21" [_thread_blocked, id=14256, stack(0x00000049f4400000,0x00000049f4500000)]
  0x00000225879fa000 JavaThread "Unconstrained build operations Thread 22" [_thread_blocked, id=6012, stack(0x00000049f4500000,0x00000049f4600000)]
  0x00000225879f7800 JavaThread "Unconstrained build operations Thread 23" [_thread_blocked, id=2792, stack(0x00000049f4600000,0x00000049f4700000)]
  0x00000225879fc800 JavaThread "Unconstrained build operations Thread 24" [_thread_blocked, id=6996, stack(0x00000049f4700000,0x00000049f4800000)]
  0x00000225879f9800 JavaThread "Unconstrained build operations Thread 25" [_thread_blocked, id=12124, stack(0x00000049f4800000,0x00000049f4900000)]
  0x00000225879fb000 JavaThread "Unconstrained build operations Thread 26" [_thread_blocked, id=11092, stack(0x00000049f4900000,0x00000049f4a00000)]
  0x00000225879fc000 JavaThread "Unconstrained build operations Thread 27" [_thread_blocked, id=14948, stack(0x00000049f4a00000,0x00000049f4b00000)]
  0x00000225879f7000 JavaThread "Unconstrained build operations Thread 28" [_thread_blocked, id=13204, stack(0x00000049f4b00000,0x00000049f4c00000)]
  0x0000022587a01800 JavaThread "Unconstrained build operations Thread 29" [_thread_blocked, id=12004, stack(0x00000049f4c00000,0x00000049f4d00000)]
  0x0000022587a03000 JavaThread "Unconstrained build operations Thread 30" [_thread_blocked, id=3228, stack(0x00000049f4d00000,0x00000049f4e00000)]
  0x00000225879ff000 JavaThread "Unconstrained build operations Thread 31" [_thread_blocked, id=12028, stack(0x00000049f4e00000,0x00000049f4f00000)]
  0x00000225879fe800 JavaThread "Unconstrained build operations Thread 32" [_thread_blocked, id=7648, stack(0x00000049f4f00000,0x00000049f5000000)]
  0x00000225879fd800 JavaThread "Unconstrained build operations Thread 33" [_thread_blocked, id=12692, stack(0x00000049f5000000,0x00000049f5100000)]
  0x0000022587a04000 JavaThread "Unconstrained build operations Thread 34" [_thread_blocked, id=10392, stack(0x00000049f5100000,0x00000049f5200000)]
  0x0000022587a00000 JavaThread "Unconstrained build operations Thread 35" [_thread_blocked, id=15324, stack(0x00000049f5200000,0x00000049f5300000)]
  0x0000022587a00800 JavaThread "Unconstrained build operations Thread 36" [_thread_blocked, id=12108, stack(0x00000049f5300000,0x00000049f5400000)]
  0x0000022587a02800 JavaThread "Unconstrained build operations Thread 37" [_thread_blocked, id=6264, stack(0x00000049f5400000,0x00000049f5500000)]
  0x000002258a629000 JavaThread "Unconstrained build operations Thread 38" [_thread_blocked, id=9172, stack(0x00000049f5500000,0x00000049f5600000)]
  0x000002258a62a000 JavaThread "Unconstrained build operations Thread 39" [_thread_blocked, id=7604, stack(0x00000049f5600000,0x00000049f5700000)]
  0x000002258a627800 JavaThread "Unconstrained build operations Thread 40" [_thread_blocked, id=8256, stack(0x00000049f5700000,0x00000049f5800000)]
  0x000002258a625000 JavaThread "jar transforms Thread 4" [_thread_blocked, id=6260, stack(0x00000049f5800000,0x00000049f5900000)]
  0x000002258a624000 JavaThread "Memory manager" [_thread_blocked, id=4716, stack(0x00000049f5900000,0x00000049f5a00000)]
  0x000002258a62b000 JavaThread "build event listener" [_thread_blocked, id=10396, stack(0x00000049f5a00000,0x00000049f5b00000)]
  0x000002258a626000 JavaThread "Execution worker for ':'" [_thread_blocked, id=15060, stack(0x00000049f5b00000,0x00000049f5c00000)]
  0x000002258a62c800 JavaThread "Execution worker for ':' Thread 2" [_thread_blocked, id=3764, stack(0x00000049f5c00000,0x00000049f5d00000)]
  0x000002258a626800 JavaThread "Execution worker for ':' Thread 3" [_thread_blocked, id=216, stack(0x00000049f5d00000,0x00000049f5e00000)]
  0x000002258a62d000 JavaThread "Cache worker for execution history cache (C:\Users\Hp\AndroidStudioProjects\MailedaApp2\.gradle\7.2\executionHistory)" [_thread_blocked, id=8052, stack(0x00000049f5e00000,0x00000049f5f00000)]
  0x000002258a62e000 JavaThread "WorkerExecutor Queue" [_thread_blocked, id=13356, stack(0x00000049f6000000,0x00000049f6100000)]
  0x000002258a628800 JavaThread "WorkerExecutor Queue Thread 2" [_thread_blocked, id=2660, stack(0x00000049f6100000,0x00000049f6200000)]
  0x000002258a62f000 JavaThread "WorkerExecutor Queue Thread 3" [_thread_blocked, id=8104, stack(0x00000049f6200000,0x00000049f6300000)]
  0x000002258a62f800 JavaThread "WorkerExecutor Queue Thread 4" [_thread_blocked, id=11688, stack(0x00000049f6300000,0x00000049f6400000)]
  0x000002258a630800 JavaThread "Java2D Disposer" daemon [_thread_blocked, id=1756, stack(0x00000049f6400000,0x00000049f6500000)]
  0x000002258a632000 JavaThread "pool-3-thread-1" [_thread_blocked, id=8196, stack(0x00000049f6500000,0x00000049f6600000)]
  0x000002258a633000 JavaThread "stderr" [_thread_in_native, id=11704, stack(0x00000049f6600000,0x00000049f6700000)]
  0x000002258735c800 JavaThread "stderr" [_thread_in_native, id=14140, stack(0x00000049f6700000,0x00000049f6800000)]
  0x000002258735b000 JavaThread "stdout" [_thread_in_native, id=14196, stack(0x00000049f6800000,0x00000049f6900000)]
  0x0000022587358800 JavaThread "stdout" [_thread_in_native, id=10092, stack(0x00000049f6900000,0x00000049f6a00000)]
  0x0000022587357000 JavaThread "stderr" [_thread_in_native, id=3156, stack(0x00000049f6a00000,0x00000049f6b00000)]
  0x000002258735c000 JavaThread "stdout" [_thread_in_native, id=2368, stack(0x00000049f6b00000,0x00000049f6c00000)]
  0x000002258b934800 JavaThread "C2 CompilerThread1" daemon [_thread_blocked, id=12036, stack(0x00000049f2200000,0x00000049f2300000)]

Other Threads:
=>0x00000225ffe0f000 VMThread "VM Thread" [stack: 0x00000049f0700000,0x00000049f0800000] [id=7176]
  0x00000225849b3800 WatcherThread [stack: 0x00000049f1100000,0x00000049f1200000] [id=4112]
  0x00000225e8306800 GCTaskThread "GC Thread#0" [stack: 0x00000049f0200000,0x00000049f0300000] [id=14240]
  0x0000022584c10800 GCTaskThread "GC Thread#1" [stack: 0x00000049f1300000,0x00000049f1400000] [id=14932]
  0x0000022586f1f800 GCTaskThread "GC Thread#2" [stack: 0x00000049f2000000,0x00000049f2100000] [id=11368]
  0x00000225872f7000 GCTaskThread "GC Thread#3" [stack: 0x00000049f2100000,0x00000049f2200000] [id=14988]
  0x00000225e8339800 ConcurrentGCThread "G1 Main Marker" [stack: 0x00000049f0300000,0x00000049f0400000] [id=12024]
  0x00000225e833b000 ConcurrentGCThread "G1 Conc#0" [stack: 0x00000049f0400000,0x00000049f0500000] [id=14340]
  0x00000225e83ca000 ConcurrentGCThread "G1 Refine#0" [stack: 0x00000049f0500000,0x00000049f0600000] [id=8088]
  0x000002258a792000 ConcurrentGCThread "G1 Refine#1" [stack: 0x00000049f5f00000,0x00000049f6000000] [id=3552]
  0x00000225e83cb000 ConcurrentGCThread "G1 Young RemSet Sampling" [stack: 0x00000049f0600000,0x00000049f0700000] [id=7124]

Threads with active compile tasks:
C2 CompilerThread0  45472 18123 %     4       com.android.tools.r8.ir.regalloc.b::c @ 2498 (3939 bytes)
C2 CompilerThread1  45472 18208       4       com.android.tools.r8.internal.SR0::a (3200 bytes)

VM state:at safepoint (normal execution)

VM Mutex/Monitor currently owned by a thread:  ([mutex/lock_event])
[0x00000225e82eaca0] Threads_lock - owner thread: 0x00000225ffe0f000
[0x00000225e82e9860] Heap_lock - owner thread: 0x0000022587e1c000

Heap address: 0x0000000080000000, size: 2048 MB, Compressed Oops mode: 32-bit
Narrow klass base: 0x0000000000000000, Narrow klass shift: 3
Compressed class space size: 1073741824 Address: 0x0000000100000000

Heap:
 garbage-first heap   total 380928K, used 173894K [0x0000000080000000, 0x0000000100000000)
  region size 1024K, 6 young (6144K), 6 survivors (6144K)
 Metaspace       used 112732K, capacity 115593K, committed 115660K, reserved 1148928K
  class space    used 14144K, capacity 15265K, committed 15308K, reserved 1048576K
Heap Regions: E=young(eden), S=young(survivor), O=old, HS=humongous(starts), HC=humongous(continues), CS=collection set, F=free, A=archive, TAMS=top-at-mark-start (previous, next)
|   0|0x0000000080000000, 0x0000000080100000, 0x0000000080100000|100%| O|  |TAMS 0x0000000080100000, 0x0000000080000000| Untracked 
|   1|0x0000000080100000, 0x0000000080200000, 0x0000000080200000|100%| O|  |TAMS 0x0000000080200000, 0x0000000080100000| Untracked 
|   2|0x0000000080200000, 0x0000000080300000, 0x0000000080300000|100%| O|  |TAMS 0x0000000080300000, 0x0000000080200000| Untracked 
|   3|0x0000000080300000, 0x0000000080400000, 0x0000000080400000|100%|HS|  |TAMS 0x0000000080400000, 0x0000000080300000| Complete 
|   4|0x0000000080400000, 0x0000000080500000, 0x0000000080500000|100%|HC|  |TAMS 0x0000000080500000, 0x0000000080400000| Complete 
|   5|0x0000000080500000, 0x0000000080600000, 0x0000000080600000|100%|HC|  |TAMS 0x0000000080600000, 0x0000000080500000| Complete 
|   6|0x0000000080600000, 0x0000000080700000, 0x0000000080700000|100%| O|  |TAMS 0x0000000080700000, 0x0000000080600000| Untracked 
|   7|0x0000000080700000, 0x0000000080800000, 0x0000000080800000|100%| O|  |TAMS 0x0000000080800000, 0x0000000080700000| Untracked 
|   8|0x0000000080800000, 0x0000000080900000, 0x0000000080900000|100%| O|  |TAMS 0x0000000080900000, 0x0000000080800000| Untracked 
|   9|0x0000000080900000, 0x0000000080a00000, 0x0000000080a00000|100%| O|  |TAMS 0x0000000080a00000, 0x0000000080900000| Untracked 
|  10|0x0000000080a00000, 0x0000000080b00000, 0x0000000080b00000|100%| O|  |TAMS 0x0000000080b00000, 0x0000000080a00000| Untracked 
|  11|0x0000000080b00000, 0x0000000080c00000, 0x0000000080c00000|100%| O|  |TAMS 0x0000000080c00000, 0x0000000080b00000| Untracked 
|  12|0x0000000080c00000, 0x0000000080d00000, 0x0000000080d00000|100%| O|  |TAMS 0x0000000080d00000, 0x0000000080c00000| Untracked 
|  13|0x0000000080d00000, 0x0000000080e00000, 0x0000000080e00000|100%| O|  |TAMS 0x0000000080e00000, 0x0000000080d00000| Untracked 
|  14|0x0000000080e00000, 0x0000000080f00000, 0x0000000080f00000|100%| O|  |TAMS 0x0000000080f00000, 0x0000000080e00000| Untracked 
|  15|0x0000000080f00000, 0x0000000081000000, 0x0000000081000000|100%| O|  |TAMS 0x0000000081000000, 0x0000000080f00000| Untracked 
|  16|0x0000000081000000, 0x0000000081100000, 0x0000000081100000|100%| O|  |TAMS 0x0000000081100000, 0x0000000081000000| Untracked 
|  17|0x0000000081100000, 0x0000000081200000, 0x0000000081200000|100%|HS|  |TAMS 0x0000000081200000, 0x0000000081100000| Complete 
|  18|0x0000000081200000, 0x0000000081300000, 0x0000000081300000|100%| O|  |TAMS 0x0000000081300000, 0x0000000081200000| Untracked 
|  19|0x0000000081300000, 0x0000000081400000, 0x0000000081400000|100%| O|  |TAMS 0x0000000081400000, 0x0000000081300000| Untracked 
|  20|0x0000000081400000, 0x0000000081500000, 0x0000000081500000|100%| O|  |TAMS 0x0000000081500000, 0x0000000081400000| Untracked 
|  21|0x0000000081500000, 0x0000000081600000, 0x0000000081600000|100%| O|  |TAMS 0x0000000081600000, 0x0000000081500000| Untracked 
|  22|0x0000000081600000, 0x0000000081700000, 0x0000000081700000|100%| O|  |TAMS 0x0000000081700000, 0x0000000081600000| Untracked 
|  23|0x0000000081700000, 0x0000000081800000, 0x0000000081800000|100%| O|  |TAMS 0x0000000081800000, 0x0000000081700000| Untracked 
|  24|0x0000000081800000, 0x0000000081900000, 0x0000000081900000|100%|HS|  |TAMS 0x0000000081900000, 0x0000000081800000| Complete 
|  25|0x0000000081900000, 0x0000000081a00000, 0x0000000081a00000|100%|HS|  |TAMS 0x0000000081a00000, 0x0000000081900000| Complete 
|  26|0x0000000081a00000, 0x0000000081b00000, 0x0000000081b00000|100%|HS|  |TAMS 0x0000000081b00000, 0x0000000081a00000| Complete 
|  27|0x0000000081b00000, 0x0000000081c00000, 0x0000000081c00000|100%|HC|  |TAMS 0x0000000081c00000, 0x0000000081b00000| Complete 
|  28|0x0000000081c00000, 0x0000000081d00000, 0x0000000081d00000|100%| O|  |TAMS 0x0000000081d00000, 0x0000000081c00000| Untracked 
|  29|0x0000000081d00000, 0x0000000081e00000, 0x0000000081e00000|100%| O|  |TAMS 0x0000000081e00000, 0x0000000081d00000| Untracked 
|  30|0x0000000081e00000, 0x0000000081f00000, 0x0000000081f00000|100%| O|  |TAMS 0x0000000081f00000, 0x0000000081e00000| Untracked 
|  31|0x0000000081f00000, 0x0000000082000000, 0x0000000082000000|100%| O|  |TAMS 0x0000000082000000, 0x0000000081f00000| Untracked 
|  32|0x0000000082000000, 0x0000000082100000, 0x0000000082100000|100%| O|  |TAMS 0x0000000082100000, 0x0000000082000000| Untracked 
|  33|0x0000000082100000, 0x0000000082200000, 0x0000000082200000|100%| O|  |TAMS 0x0000000082200000, 0x0000000082100000| Untracked 
|  34|0x0000000082200000, 0x0000000082300000, 0x0000000082300000|100%| O|  |TAMS 0x0000000082300000, 0x0000000082200000| Untracked 
|  35|0x0000000082300000, 0x0000000082400000, 0x0000000082400000|100%| O|  |TAMS 0x0000000082400000, 0x0000000082300000| Untracked 
|  36|0x0000000082400000, 0x0000000082500000, 0x0000000082500000|100%| O|  |TAMS 0x0000000082500000, 0x0000000082400000| Untracked 
|  37|0x0000000082500000, 0x0000000082600000, 0x0000000082600000|100%| O|  |TAMS 0x0000000082600000, 0x0000000082500000| Untracked 
|  38|0x0000000082600000, 0x0000000082700000, 0x0000000082700000|100%| O|  |TAMS 0x0000000082700000, 0x0000000082600000| Untracked 
|  39|0x0000000082700000, 0x0000000082800000, 0x0000000082800000|100%| O|  |TAMS 0x0000000082800000, 0x0000000082700000| Untracked 
|  40|0x0000000082800000, 0x0000000082900000, 0x0000000082900000|100%| O|  |TAMS 0x0000000082900000, 0x0000000082800000| Untracked 
|  41|0x0000000082900000, 0x0000000082a00000, 0x0000000082a00000|100%| O|  |TAMS 0x0000000082a00000, 0x0000000082900000| Untracked 
|  42|0x0000000082a00000, 0x0000000082b00000, 0x0000000082b00000|100%| O|  |TAMS 0x0000000082b00000, 0x0000000082a00000| Untracked 
|  43|0x0000000082b00000, 0x0000000082c00000, 0x0000000082c00000|100%| O|  |TAMS 0x0000000082c00000, 0x0000000082b00000| Untracked 
|  44|0x0000000082c00000, 0x0000000082d00000, 0x0000000082d00000|100%| O|  |TAMS 0x0000000082d00000, 0x0000000082c00000| Untracked 
|  45|0x0000000082d00000, 0x0000000082e00000, 0x0000000082e00000|100%| O|  |TAMS 0x0000000082e00000, 0x0000000082d00000| Untracked 
|  46|0x0000000082e00000, 0x0000000082f00000, 0x0000000082f00000|100%| O|  |TAMS 0x0000000082f00000, 0x0000000082e00000| Untracked 
|  47|0x0000000082f00000, 0x0000000083000000, 0x0000000083000000|100%| O|  |TAMS 0x0000000083000000, 0x0000000082f00000| Untracked 
|  48|0x0000000083000000, 0x0000000083100000, 0x0000000083100000|100%| O|  |TAMS 0x0000000083100000, 0x0000000083000000| Untracked 
|  49|0x0000000083100000, 0x0000000083200000, 0x0000000083200000|100%| O|  |TAMS 0x0000000083200000, 0x0000000083100000| Untracked 
|  50|0x0000000083200000, 0x0000000083300000, 0x0000000083300000|100%| O|  |TAMS 0x0000000083300000, 0x0000000083200000| Untracked 
|  51|0x0000000083300000, 0x0000000083400000, 0x0000000083400000|100%| O|  |TAMS 0x0000000083400000, 0x0000000083300000| Untracked 
|  52|0x0000000083400000, 0x0000000083500000, 0x0000000083500000|100%| O|  |TAMS 0x0000000083500000, 0x0000000083400000| Untracked 
|  53|0x0000000083500000, 0x0000000083600000, 0x0000000083600000|100%| O|  |TAMS 0x0000000083600000, 0x0000000083500000| Untracked 
|  54|0x0000000083600000, 0x0000000083700000, 0x0000000083700000|100%| O|  |TAMS 0x0000000083700000, 0x0000000083600000| Untracked 
|  55|0x0000000083700000, 0x0000000083800000, 0x0000000083800000|100%| O|  |TAMS 0x0000000083800000, 0x0000000083700000| Untracked 
|  56|0x0000000083800000, 0x0000000083900000, 0x0000000083900000|100%| O|  |TAMS 0x0000000083900000, 0x0000000083800000| Untracked 
|  57|0x0000000083900000, 0x0000000083a00000, 0x0000000083a00000|100%| O|  |TAMS 0x0000000083a00000, 0x0000000083900000| Untracked 
|  58|0x0000000083a00000, 0x0000000083b00000, 0x0000000083b00000|100%| O|  |TAMS 0x0000000083b00000, 0x0000000083a00000| Untracked 
|  59|0x0000000083b00000, 0x0000000083c00000, 0x0000000083c00000|100%| O|  |TAMS 0x0000000083c00000, 0x0000000083b00000| Untracked 
|  60|0x0000000083c00000, 0x0000000083d00000, 0x0000000083d00000|100%| O|  |TAMS 0x0000000083d00000, 0x0000000083c00000| Untracked 
|  61|0x0000000083d00000, 0x0000000083e00000, 0x0000000083e00000|100%| O|  |TAMS 0x0000000083e00000, 0x0000000083d00000| Untracked 
|  62|0x0000000083e00000, 0x0000000083f00000, 0x0000000083f00000|100%| O|  |TAMS 0x0000000083f00000, 0x0000000083e00000| Untracked 
|  63|0x0000000083f00000, 0x0000000084000000, 0x0000000084000000|100%| O|  |TAMS 0x0000000084000000, 0x0000000083f00000| Untracked 
|  64|0x0000000084000000, 0x0000000084100000, 0x0000000084100000|100%| O|  |TAMS 0x0000000084100000, 0x0000000084000000| Untracked 
|  65|0x0000000084100000, 0x0000000084200000, 0x0000000084200000|100%| O|  |TAMS 0x0000000084100000, 0x0000000084100000| Untracked 
|  66|0x0000000084200000, 0x0000000084300000, 0x0000000084300000|100%| O|  |TAMS 0x0000000084300000, 0x0000000084200000| Untracked 
|  67|0x0000000084300000, 0x0000000084400000, 0x0000000084400000|100%| O|  |TAMS 0x0000000084400000, 0x0000000084300000| Untracked 
|  68|0x0000000084400000, 0x0000000084500000, 0x0000000084500000|100%| O|  |TAMS 0x0000000084500000, 0x0000000084400000| Untracked 
|  69|0x0000000084500000, 0x0000000084600000, 0x0000000084600000|100%| O|  |TAMS 0x0000000084600000, 0x0000000084500000| Untracked 
|  70|0x0000000084600000, 0x0000000084700000, 0x0000000084700000|100%| O|  |TAMS 0x0000000084700000, 0x0000000084600000| Untracked 
|  71|0x0000000084700000, 0x0000000084800000, 0x0000000084800000|100%| O|  |TAMS 0x0000000084800000, 0x0000000084700000| Untracked 
|  72|0x0000000084800000, 0x0000000084900000, 0x0000000084900000|100%| O|  |TAMS 0x0000000084900000, 0x0000000084800000| Untracked 
|  73|0x0000000084900000, 0x0000000084a00000, 0x0000000084a00000|100%| O|  |TAMS 0x0000000084a00000, 0x0000000084900000| Untracked 
|  74|0x0000000084a00000, 0x0000000084b00000, 0x0000000084b00000|100%| O|  |TAMS 0x0000000084b00000, 0x0000000084a00000| Untracked 
|  75|0x0000000084b00000, 0x0000000084c00000, 0x0000000084c00000|100%| O|  |TAMS 0x0000000084c00000, 0x0000000084b00000| Untracked 
|  76|0x0000000084c00000, 0x0000000084d00000, 0x0000000084d00000|100%| O|  |TAMS 0x0000000084c00000, 0x0000000084c00000| Untracked 
|  77|0x0000000084d00000, 0x0000000084e00000, 0x0000000084e00000|100%| O|  |TAMS 0x0000000084e00000, 0x0000000084d00000| Untracked 
|  78|0x0000000084e00000, 0x0000000084f00000, 0x0000000084f00000|100%| O|  |TAMS 0x0000000084f00000, 0x0000000084e00000| Untracked 
|  79|0x0000000084f00000, 0x0000000085000000, 0x0000000085000000|100%| O|  |TAMS 0x0000000085000000, 0x0000000084f00000| Untracked 
|  80|0x0000000085000000, 0x0000000085100000, 0x0000000085100000|100%| O|  |TAMS 0x0000000085100000, 0x0000000085000000| Untracked 
|  81|0x0000000085100000, 0x0000000085200000, 0x0000000085200000|100%| O|  |TAMS 0x0000000085100000, 0x0000000085100000| Untracked 
|  82|0x0000000085200000, 0x0000000085300000, 0x0000000085300000|100%| O|  |TAMS 0x0000000085200000, 0x0000000085200000| Untracked 
|  83|0x0000000085300000, 0x0000000085400000, 0x0000000085400000|100%| O|  |TAMS 0x0000000085400000, 0x0000000085300000| Untracked 
|  84|0x0000000085400000, 0x0000000085500000, 0x0000000085500000|100%| O|  |TAMS 0x0000000085500000, 0x0000000085400000| Untracked 
|  85|0x0000000085500000, 0x0000000085600000, 0x0000000085600000|100%| O|  |TAMS 0x0000000085600000, 0x0000000085500000| Untracked 
|  86|0x0000000085600000, 0x0000000085700000, 0x0000000085700000|100%| O|  |TAMS 0x0000000085600000, 0x0000000085600000| Untracked 
|  87|0x0000000085700000, 0x0000000085800000, 0x0000000085800000|100%| O|  |TAMS 0x0000000085800000, 0x0000000085700000| Untracked 
|  88|0x0000000085800000, 0x0000000085900000, 0x0000000085900000|100%| O|  |TAMS 0x0000000085900000, 0x0000000085800000| Untracked 
|  89|0x0000000085900000, 0x0000000085a00000, 0x0000000085a00000|100%| O|  |TAMS 0x0000000085a00000, 0x0000000085900000| Untracked 
|  90|0x0000000085a00000, 0x0000000085b00000, 0x0000000085b00000|100%| O|  |TAMS 0x0000000085b00000, 0x0000000085a00000| Untracked 
|  91|0x0000000085b00000, 0x0000000085c00000, 0x0000000085c00000|100%| O|  |TAMS 0x0000000085c00000, 0x0000000085b00000| Untracked 
|  92|0x0000000085c00000, 0x0000000085d00000, 0x0000000085d00000|100%| O|  |TAMS 0x0000000085d00000, 0x0000000085c00000| Untracked 
|  93|0x0000000085d00000, 0x0000000085e00000, 0x0000000085e00000|100%| O|  |TAMS 0x0000000085e00000, 0x0000000085d00000| Untracked 
|  94|0x0000000085e00000, 0x0000000085f00000, 0x0000000085f00000|100%| O|  |TAMS 0x0000000085f00000, 0x0000000085e00000| Untracked 
|  95|0x0000000085f00000, 0x0000000086000000, 0x0000000086000000|100%|HS|  |TAMS 0x0000000086000000, 0x0000000085f00000| Complete 
|  96|0x0000000086000000, 0x0000000086100000, 0x0000000086100000|100%|HC|  |TAMS 0x0000000086100000, 0x0000000086000000| Complete 
|  97|0x0000000086100000, 0x0000000086200000, 0x0000000086200000|100%| O|  |TAMS 0x0000000086200000, 0x0000000086100000| Untracked 
|  98|0x0000000086200000, 0x0000000086300000, 0x0000000086300000|100%| O|  |TAMS 0x0000000086300000, 0x0000000086200000| Untracked 
|  99|0x0000000086300000, 0x0000000086400000, 0x0000000086400000|100%| O|  |TAMS 0x0000000086400000, 0x0000000086300000| Untracked 
| 100|0x0000000086400000, 0x0000000086500000, 0x0000000086500000|100%| O|  |TAMS 0x0000000086500000, 0x0000000086400000| Untracked 
| 101|0x0000000086500000, 0x0000000086600000, 0x0000000086600000|100%| O|  |TAMS 0x0000000086600000, 0x0000000086500000| Untracked 
| 102|0x0000000086600000, 0x0000000086700000, 0x0000000086700000|100%| O|  |TAMS 0x0000000086700000, 0x0000000086600000| Untracked 
| 103|0x0000000086700000, 0x0000000086800000, 0x0000000086800000|100%| O|  |TAMS 0x0000000086800000, 0x0000000086700000| Untracked 
| 104|0x0000000086800000, 0x0000000086900000, 0x0000000086900000|100%| O|  |TAMS 0x0000000086900000, 0x0000000086800000| Untracked 
| 105|0x0000000086900000, 0x0000000086a00000, 0x0000000086a00000|100%| O|  |TAMS 0x0000000086a00000, 0x0000000086900000| Untracked 
| 106|0x0000000086a00000, 0x0000000086b00000, 0x0000000086b00000|100%| O|  |TAMS 0x0000000086b00000, 0x0000000086a00000| Untracked 
| 107|0x0000000086b00000, 0x0000000086c00000, 0x0000000086c00000|100%| O|  |TAMS 0x0000000086c00000, 0x0000000086b00000| Untracked 
| 108|0x0000000086c00000, 0x0000000086d00000, 0x0000000086d00000|100%| O|  |TAMS 0x0000000086d00000, 0x0000000086c00000| Untracked 
| 109|0x0000000086d00000, 0x0000000086e00000, 0x0000000086e00000|100%| O|  |TAMS 0x0000000086e00000, 0x0000000086d00000| Untracked 
| 110|0x0000000086e00000, 0x0000000086f00000, 0x0000000086f00000|100%| O|  |TAMS 0x0000000086f00000, 0x0000000086e00000| Untracked 
| 111|0x0000000086f00000, 0x0000000087000000, 0x0000000087000000|100%| O|  |TAMS 0x0000000087000000, 0x0000000086f00000| Untracked 
| 112|0x0000000087000000, 0x0000000087100000, 0x0000000087100000|100%| O|  |TAMS 0x0000000087100000, 0x0000000087000000| Untracked 
| 113|0x0000000087100000, 0x0000000087200000, 0x0000000087200000|100%| O|  |TAMS 0x0000000087200000, 0x0000000087100000| Untracked 
| 114|0x0000000087200000, 0x0000000087300000, 0x0000000087300000|100%| O|  |TAMS 0x0000000087300000, 0x0000000087200000| Untracked 
| 115|0x0000000087300000, 0x0000000087400000, 0x0000000087400000|100%| O|  |TAMS 0x0000000087400000, 0x0000000087300000| Untracked 
| 116|0x0000000087400000, 0x0000000087500000, 0x0000000087500000|100%| O|  |TAMS 0x0000000087500000, 0x0000000087400000| Untracked 
| 117|0x0000000087500000, 0x0000000087600000, 0x0000000087600000|100%| O|  |TAMS 0x0000000087600000, 0x0000000087500000| Untracked 
| 118|0x0000000087600000, 0x0000000087700000, 0x0000000087700000|100%| O|  |TAMS 0x0000000087700000, 0x0000000087600000| Untracked 
| 119|0x0000000087700000, 0x0000000087800000, 0x0000000087800000|100%| O|  |TAMS 0x0000000087800000, 0x0000000087700000| Untracked 
| 120|0x0000000087800000, 0x0000000087900000, 0x0000000087900000|100%| O|  |TAMS 0x0000000087900000, 0x0000000087800000| Untracked 
| 121|0x0000000087900000, 0x0000000087a00000, 0x0000000087a00000|100%| O|  |TAMS 0x0000000087a00000, 0x0000000087900000| Untracked 
| 122|0x0000000087a00000, 0x0000000087b00000, 0x0000000087b00000|100%| O|  |TAMS 0x0000000087b00000, 0x0000000087a00000| Untracked 
| 123|0x0000000087b00000, 0x0000000087c00000, 0x0000000087c00000|100%| O|  |TAMS 0x0000000087c00000, 0x0000000087b00000| Untracked 
| 124|0x0000000087c00000, 0x0000000087d00000, 0x0000000087d00000|100%| O|  |TAMS 0x0000000087d00000, 0x0000000087c00000| Untracked 
| 125|0x0000000087d00000, 0x0000000087e00000, 0x0000000087e00000|100%| O|  |TAMS 0x0000000087e00000, 0x0000000087d00000| Untracked 
| 126|0x0000000087e00000, 0x0000000087f00000, 0x0000000087f00000|100%| O|  |TAMS 0x0000000087f00000, 0x0000000087e00000| Untracked 
| 127|0x0000000087f00000, 0x0000000088000000, 0x0000000088000000|100%| O|  |TAMS 0x0000000088000000, 0x0000000087f00000| Untracked 
| 128|0x0000000088000000, 0x0000000088100000, 0x0000000088100000|100%| O|  |TAMS 0x0000000088100000, 0x0000000088000000| Untracked 
| 129|0x0000000088100000, 0x0000000088200000, 0x0000000088200000|100%| O|  |TAMS 0x0000000088200000, 0x0000000088100000| Untracked 
| 130|0x0000000088200000, 0x0000000088300000, 0x0000000088300000|100%| O|  |TAMS 0x0000000088300000, 0x0000000088200000| Untracked 
| 131|0x0000000088300000, 0x0000000088400000, 0x0000000088400000|100%| O|  |TAMS 0x0000000088400000, 0x0000000088300000| Untracked 
| 132|0x0000000088400000, 0x0000000088500000, 0x0000000088500000|100%| O|  |TAMS 0x0000000088500000, 0x0000000088400000| Untracked 
| 133|0x0000000088500000, 0x0000000088600000, 0x0000000088600000|100%| O|  |TAMS 0x0000000088600000, 0x0000000088500000| Untracked 
| 134|0x0000000088600000, 0x0000000088700000, 0x0000000088700000|100%| O|  |TAMS 0x0000000088700000, 0x0000000088600000| Untracked 
| 135|0x0000000088700000, 0x0000000088800000, 0x0000000088800000|100%| O|  |TAMS 0x0000000088800000, 0x0000000088700000| Untracked 
| 136|0x0000000088800000, 0x0000000088900000, 0x0000000088900000|100%| O|  |TAMS 0x0000000088900000, 0x0000000088800000| Untracked 
| 137|0x0000000088900000, 0x0000000088a00000, 0x0000000088a00000|100%| O|  |TAMS 0x0000000088a00000, 0x0000000088900000| Untracked 
| 138|0x0000000088a00000, 0x0000000088b00000, 0x0000000088b00000|100%| O|  |TAMS 0x0000000088b00000, 0x0000000088a00000| Untracked 
| 139|0x0000000088b00000, 0x0000000088c00000, 0x0000000088c00000|100%| O|  |TAMS 0x0000000088c00000, 0x0000000088b00000| Untracked 
| 140|0x0000000088c00000, 0x0000000088d00000, 0x0000000088d00000|100%| O|  |TAMS 0x0000000088d00000, 0x0000000088c00000| Untracked 
| 141|0x0000000088d00000, 0x0000000088e00000, 0x0000000088e00000|100%| O|  |TAMS 0x0000000088e00000, 0x0000000088d00000| Untracked 
| 142|0x0000000088e00000, 0x0000000088f00000, 0x0000000088f00000|100%| O|  |TAMS 0x0000000088f00000, 0x0000000088e00000| Untracked 
| 143|0x0000000088f00000, 0x0000000089000000, 0x0000000089000000|100%| O|  |TAMS 0x0000000089000000, 0x0000000088f00000| Untracked 
| 144|0x0000000089000000, 0x0000000089100000, 0x0000000089100000|100%| O|  |TAMS 0x0000000089100000, 0x0000000089000000| Untracked 
| 145|0x0000000089100000, 0x0000000089200000, 0x0000000089200000|100%| O|  |TAMS 0x0000000089200000, 0x0000000089100000| Untracked 
| 146|0x0000000089200000, 0x0000000089300000, 0x0000000089300000|100%| O|  |TAMS 0x0000000089300000, 0x0000000089200000| Untracked 
| 147|0x0000000089300000, 0x0000000089400000, 0x0000000089400000|100%| O|  |TAMS 0x0000000089400000, 0x0000000089300000| Untracked 
| 148|0x0000000089400000, 0x0000000089500000, 0x0000000089500000|100%| O|  |TAMS 0x0000000089500000, 0x0000000089400000| Untracked 
| 149|0x0000000089500000, 0x0000000089600000, 0x0000000089600000|100%| O|  |TAMS 0x0000000089600000, 0x0000000089500000| Untracked 
| 150|0x0000000089600000, 0x0000000089700000, 0x0000000089700000|100%| O|  |TAMS 0x000000008969e200, 0x0000000089600000| Untracked 
| 151|0x0000000089700000, 0x0000000089800000, 0x0000000089800000|100%| O|  |TAMS 0x0000000089700000, 0x0000000089700000| Untracked 
| 152|0x0000000089800000, 0x0000000089900000, 0x0000000089900000|100%| O|  |TAMS 0x0000000089800000, 0x0000000089800000| Untracked 
| 153|0x0000000089900000, 0x0000000089a00000, 0x0000000089a00000|100%| O|  |TAMS 0x0000000089900000, 0x0000000089900000| Untracked 
| 154|0x0000000089a00000, 0x0000000089b00000, 0x0000000089b00000|100%| O|  |TAMS 0x0000000089a00000, 0x0000000089a00000| Untracked 
| 155|0x0000000089b00000, 0x0000000089c00000, 0x0000000089c00000|100%| O|  |TAMS 0x0000000089b00000, 0x0000000089b00000| Untracked 
| 156|0x0000000089c00000, 0x0000000089d00000, 0x0000000089d00000|100%| O|  |TAMS 0x0000000089c00000, 0x0000000089c00000| Untracked 
| 157|0x0000000089d00000, 0x0000000089e00000, 0x0000000089e00000|100%| O|  |TAMS 0x0000000089d00000, 0x0000000089d00000| Untracked 
| 158|0x0000000089e00000, 0x0000000089f00000, 0x0000000089f00000|100%| O|  |TAMS 0x0000000089e00000, 0x0000000089e00000| Untracked 
| 159|0x0000000089f00000, 0x000000008a000000, 0x000000008a000000|100%| O|  |TAMS 0x0000000089f00000, 0x0000000089f00000| Untracked 
| 160|0x000000008a000000, 0x000000008a100000, 0x000000008a100000|100%| O|  |TAMS 0x000000008a000000, 0x000000008a000000| Untracked 
| 161|0x000000008a100000, 0x000000008a200000, 0x000000008a200000|100%| O|  |TAMS 0x000000008a100000, 0x000000008a100000| Untracked 
| 162|0x000000008a200000, 0x000000008a300000, 0x000000008a300000|100%| O|  |TAMS 0x000000008a200000, 0x000000008a200000| Untracked 
| 163|0x000000008a300000, 0x000000008a400000, 0x000000008a400000|100%| O|  |TAMS 0x000000008a300000, 0x000000008a300000| Untracked 
| 164|0x000000008a400000, 0x000000008a477400, 0x000000008a500000| 46%| O|  |TAMS 0x000000008a400000, 0x000000008a400000| Untracked 
| 165|0x000000008a500000, 0x000000008a500000, 0x000000008a600000|  0%| F|  |TAMS 0x000000008a500000, 0x000000008a500000| Untracked 
| 166|0x000000008a600000, 0x000000008a600000, 0x000000008a700000|  0%| F|  |TAMS 0x000000008a600000, 0x000000008a600000| Untracked 
| 167|0x000000008a700000, 0x000000008a700000, 0x000000008a800000|  0%| F|  |TAMS 0x000000008a700000, 0x000000008a700000| Untracked 
| 168|0x000000008a800000, 0x000000008a800000, 0x000000008a900000|  0%| F|  |TAMS 0x000000008a800000, 0x000000008a800000| Untracked 
| 169|0x000000008a900000, 0x000000008a900000, 0x000000008aa00000|  0%| F|  |TAMS 0x000000008a900000, 0x000000008a900000| Untracked 
| 170|0x000000008aa00000, 0x000000008aa00000, 0x000000008ab00000|  0%| F|  |TAMS 0x000000008aa00000, 0x000000008aa00000| Untracked 
| 171|0x000000008ab00000, 0x000000008ab00000, 0x000000008ac00000|  0%| F|  |TAMS 0x000000008ab00000, 0x000000008ab00000| Untracked 
| 172|0x000000008ac00000, 0x000000008ac00000, 0x000000008ad00000|  0%| F|  |TAMS 0x000000008ac00000, 0x000000008ac00000| Untracked 
| 173|0x000000008ad00000, 0x000000008ad00000, 0x000000008ae00000|  0%| F|  |TAMS 0x000000008ad00000, 0x000000008ad00000| Untracked 
| 174|0x000000008ae00000, 0x000000008ae00000, 0x000000008af00000|  0%| F|  |TAMS 0x000000008ae00000, 0x000000008ae00000| Untracked 
| 175|0x000000008af00000, 0x000000008af00000, 0x000000008b000000|  0%| F|  |TAMS 0x000000008af00000, 0x000000008af00000| Untracked 
| 176|0x000000008b000000, 0x000000008b000000, 0x000000008b100000|  0%| F|  |TAMS 0x000000008b000000, 0x000000008b000000| Untracked 
| 177|0x000000008b100000, 0x000000008b100000, 0x000000008b200000|  0%| F|  |TAMS 0x000000008b100000, 0x000000008b100000| Untracked 
| 178|0x000000008b200000, 0x000000008b200000, 0x000000008b300000|  0%| F|  |TAMS 0x000000008b200000, 0x000000008b200000| Untracked 
| 179|0x000000008b300000, 0x000000008b300000, 0x000000008b400000|  0%| F|  |TAMS 0x000000008b300000, 0x000000008b300000| Untracked 
| 180|0x000000008b400000, 0x000000008b400000, 0x000000008b500000|  0%| F|  |TAMS 0x000000008b400000, 0x000000008b400000| Untracked 
| 181|0x000000008b500000, 0x000000008b500000, 0x000000008b600000|  0%| F|  |TAMS 0x000000008b500000, 0x000000008b500000| Untracked 
| 182|0x000000008b600000, 0x000000008b600000, 0x000000008b700000|  0%| F|  |TAMS 0x000000008b600000, 0x000000008b600000| Untracked 
| 183|0x000000008b700000, 0x000000008b700000, 0x000000008b800000|  0%| F|  |TAMS 0x000000008b700000, 0x000000008b700000| Untracked 
| 184|0x000000008b800000, 0x000000008b800000, 0x000000008b900000|  0%| F|  |TAMS 0x000000008b800000, 0x000000008b800000| Untracked 
| 185|0x000000008b900000, 0x000000008b900000, 0x000000008ba00000|  0%| F|  |TAMS 0x000000008b900000, 0x000000008b900000| Untracked 
| 186|0x000000008ba00000, 0x000000008ba00000, 0x000000008bb00000|  0%| F|  |TAMS 0x000000008ba00000, 0x000000008ba00000| Untracked 
| 187|0x000000008bb00000, 0x000000008bb00000, 0x000000008bc00000|  0%| F|  |TAMS 0x000000008bb00000, 0x000000008bb00000| Untracked 
| 188|0x000000008bc00000, 0x000000008bc00000, 0x000000008bd00000|  0%| F|  |TAMS 0x000000008bc00000, 0x000000008bc00000| Untracked 
| 189|0x000000008bd00000, 0x000000008bd00000, 0x000000008be00000|  0%| F|  |TAMS 0x000000008bd00000, 0x000000008bd00000| Untracked 
| 190|0x000000008be00000, 0x000000008be00000, 0x000000008bf00000|  0%| F|  |TAMS 0x000000008be00000, 0x000000008be00000| Untracked 
| 191|0x000000008bf00000, 0x000000008bf00000, 0x000000008c000000|  0%| F|  |TAMS 0x000000008bf00000, 0x000000008bf00000| Untracked 
| 192|0x000000008c000000, 0x000000008c000000, 0x000000008c100000|  0%| F|  |TAMS 0x000000008c000000, 0x000000008c000000| Untracked 
| 193|0x000000008c100000, 0x000000008c100000, 0x000000008c200000|  0%| F|  |TAMS 0x000000008c100000, 0x000000008c100000| Untracked 
| 194|0x000000008c200000, 0x000000008c200000, 0x000000008c300000|  0%| F|  |TAMS 0x000000008c200000, 0x000000008c200000| Untracked 
| 195|0x000000008c300000, 0x000000008c300000, 0x000000008c400000|  0%| F|  |TAMS 0x000000008c300000, 0x000000008c300000| Untracked 
| 196|0x000000008c400000, 0x000000008c400000, 0x000000008c500000|  0%| F|  |TAMS 0x000000008c400000, 0x000000008c400000| Untracked 
| 197|0x000000008c500000, 0x000000008c500000, 0x000000008c600000|  0%| F|  |TAMS 0x000000008c500000, 0x000000008c500000| Untracked 
| 198|0x000000008c600000, 0x000000008c600000, 0x000000008c700000|  0%| F|  |TAMS 0x000000008c600000, 0x000000008c600000| Untracked 
| 199|0x000000008c700000, 0x000000008c700000, 0x000000008c800000|  0%| F|  |TAMS 0x000000008c700000, 0x000000008c700000| Untracked 
| 200|0x000000008c800000, 0x000000008c800000, 0x000000008c900000|  0%| F|  |TAMS 0x000000008c800000, 0x000000008c800000| Untracked 
| 201|0x000000008c900000, 0x000000008c900000, 0x000000008ca00000|  0%| F|  |TAMS 0x000000008c900000, 0x000000008c900000| Untracked 
| 202|0x000000008ca00000, 0x000000008ca00000, 0x000000008cb00000|  0%| F|  |TAMS 0x000000008ca00000, 0x000000008ca00000| Untracked 
| 203|0x000000008cb00000, 0x000000008cb00000, 0x000000008cc00000|  0%| F|  |TAMS 0x000000008cb00000, 0x000000008cb00000| Untracked 
| 204|0x000000008cc00000, 0x000000008cc00000, 0x000000008cd00000|  0%| F|  |TAMS 0x000000008cc00000, 0x000000008cc00000| Untracked 
| 205|0x000000008cd00000, 0x000000008cd00000, 0x000000008ce00000|  0%| F|  |TAMS 0x000000008cd00000, 0x000000008cd00000| Untracked 
| 206|0x000000008ce00000, 0x000000008ce5a690, 0x000000008cf00000| 35%| S|CS|TAMS 0x000000008ce00000, 0x000000008ce00000| Complete 
| 207|0x000000008cf00000, 0x000000008d000000, 0x000000008d000000|100%| S|CS|TAMS 0x000000008cf00000, 0x000000008cf00000| Complete 
| 208|0x000000008d000000, 0x000000008d100000, 0x000000008d100000|100%| S|CS|TAMS 0x000000008d000000, 0x000000008d000000| Complete 
| 209|0x000000008d100000, 0x000000008d100000, 0x000000008d200000|  0%| F|  |TAMS 0x000000008d100000, 0x000000008d100000| Untracked 
| 210|0x000000008d200000, 0x000000008d200000, 0x000000008d300000|  0%| F|  |TAMS 0x000000008d200000, 0x000000008d200000| Untracked 
| 211|0x000000008d300000, 0x000000008d300000, 0x000000008d400000|  0%| F|  |TAMS 0x000000008d300000, 0x000000008d300000| Untracked 
| 212|0x000000008d400000, 0x000000008d500000, 0x000000008d500000|100%| S|CS|TAMS 0x000000008d400000, 0x000000008d400000| Complete 
| 213|0x000000008d500000, 0x000000008d600000, 0x000000008d600000|100%| S|CS|TAMS 0x000000008d500000, 0x000000008d500000| Complete 
| 214|0x000000008d600000, 0x000000008d700000, 0x000000008d700000|100%| S|CS|TAMS 0x000000008d600000, 0x000000008d600000| Complete 
| 215|0x000000008d700000, 0x000000008d700000, 0x000000008d800000|  0%| F|  |TAMS 0x000000008d700000, 0x000000008d700000| Untracked 
| 216|0x000000008d800000, 0x000000008d800000, 0x000000008d900000|  0%| F|  |TAMS 0x000000008d800000, 0x000000008d800000| Untracked 
| 217|0x000000008d900000, 0x000000008d900000, 0x000000008da00000|  0%| F|  |TAMS 0x000000008d900000, 0x000000008d900000| Untracked 
| 218|0x000000008da00000, 0x000000008da00000, 0x000000008db00000|  0%| F|  |TAMS 0x000000008da00000, 0x000000008da00000| Untracked 
| 219|0x000000008db00000, 0x000000008db00000, 0x000000008dc00000|  0%| F|  |TAMS 0x000000008db00000, 0x000000008db00000| Untracked 
| 220|0x000000008dc00000, 0x000000008dc00000, 0x000000008dd00000|  0%| F|  |TAMS 0x000000008dc00000, 0x000000008dc00000| Untracked 
| 221|0x000000008dd00000, 0x000000008dd00000, 0x000000008de00000|  0%| F|  |TAMS 0x000000008dd00000, 0x000000008dd00000| Untracked 
| 222|0x000000008de00000, 0x000000008de00000, 0x000000008df00000|  0%| F|  |TAMS 0x000000008de00000, 0x000000008de00000| Untracked 
| 223|0x000000008df00000, 0x000000008df00000, 0x000000008e000000|  0%| F|  |TAMS 0x000000008df00000, 0x000000008df00000| Untracked 
| 224|0x000000008e000000, 0x000000008e000000, 0x000000008e100000|  0%| F|  |TAMS 0x000000008e000000, 0x000000008e000000| Untracked 
| 225|0x000000008e100000, 0x000000008e100000, 0x000000008e200000|  0%| F|  |TAMS 0x000000008e100000, 0x000000008e100000| Untracked 
| 226|0x000000008e200000, 0x000000008e200000, 0x000000008e300000|  0%| F|  |TAMS 0x000000008e200000, 0x000000008e200000| Untracked 
| 227|0x000000008e300000, 0x000000008e300000, 0x000000008e400000|  0%| F|  |TAMS 0x000000008e300000, 0x000000008e300000| Untracked 
| 228|0x000000008e400000, 0x000000008e400000, 0x000000008e500000|  0%| F|  |TAMS 0x000000008e400000, 0x000000008e400000| Untracked 
| 229|0x000000008e500000, 0x000000008e500000, 0x000000008e600000|  0%| F|  |TAMS 0x000000008e500000, 0x000000008e500000| Untracked 
| 230|0x000000008e600000, 0x000000008e600000, 0x000000008e700000|  0%| F|  |TAMS 0x000000008e600000, 0x000000008e600000| Untracked 
| 231|0x000000008e700000, 0x000000008e700000, 0x000000008e800000|  0%| F|  |TAMS 0x000000008e700000, 0x000000008e700000| Untracked 
| 232|0x000000008e800000, 0x000000008e800000, 0x000000008e900000|  0%| F|  |TAMS 0x000000008e800000, 0x000000008e800000| Untracked 
| 233|0x000000008e900000, 0x000000008e900000, 0x000000008ea00000|  0%| F|  |TAMS 0x000000008e900000, 0x000000008e900000| Untracked 
| 234|0x000000008ea00000, 0x000000008ea00000, 0x000000008eb00000|  0%| F|  |TAMS 0x000000008ea00000, 0x000000008ea00000| Untracked 
| 235|0x000000008eb00000, 0x000000008eb00000, 0x000000008ec00000|  0%| F|  |TAMS 0x000000008eb00000, 0x000000008eb00000| Untracked 
| 236|0x000000008ec00000, 0x000000008ec00000, 0x000000008ed00000|  0%| F|  |TAMS 0x000000008ec00000, 0x000000008ec00000| Untracked 
| 237|0x000000008ed00000, 0x000000008ed00000, 0x000000008ee00000|  0%| F|  |TAMS 0x000000008ed00000, 0x000000008ed00000| Untracked 
| 238|0x000000008ee00000, 0x000000008ee00000, 0x000000008ef00000|  0%| F|  |TAMS 0x000000008ee00000, 0x000000008ee00000| Untracked 
| 239|0x000000008ef00000, 0x000000008ef00000, 0x000000008f000000|  0%| F|  |TAMS 0x000000008ef00000, 0x000000008ef00000| Untracked 
| 240|0x000000008f000000, 0x000000008f000000, 0x000000008f100000|  0%| F|  |TAMS 0x000000008f000000, 0x000000008f000000| Untracked 
| 241|0x000000008f100000, 0x000000008f100000, 0x000000008f200000|  0%| F|  |TAMS 0x000000008f100000, 0x000000008f100000| Untracked 
| 242|0x000000008f200000, 0x000000008f200000, 0x000000008f300000|  0%| F|  |TAMS 0x000000008f200000, 0x000000008f200000| Untracked 
| 243|0x000000008f300000, 0x000000008f300000, 0x000000008f400000|  0%| F|  |TAMS 0x000000008f300000, 0x000000008f300000| Untracked 
| 244|0x000000008f400000, 0x000000008f400000, 0x000000008f500000|  0%| F|  |TAMS 0x000000008f400000, 0x000000008f400000| Untracked 
| 245|0x000000008f500000, 0x000000008f500000, 0x000000008f600000|  0%| F|  |TAMS 0x000000008f500000, 0x000000008f500000| Untracked 
| 246|0x000000008f600000, 0x000000008f600000, 0x000000008f700000|  0%| F|  |TAMS 0x000000008f600000, 0x000000008f600000| Untracked 
| 247|0x000000008f700000, 0x000000008f700000, 0x000000008f800000|  0%| F|  |TAMS 0x000000008f700000, 0x000000008f700000| Untracked 
| 248|0x000000008f800000, 0x000000008f800000, 0x000000008f900000|  0%| F|  |TAMS 0x000000008f800000, 0x000000008f800000| Untracked 
| 249|0x000000008f900000, 0x000000008f900000, 0x000000008fa00000|  0%| F|  |TAMS 0x000000008f900000, 0x000000008f900000| Untracked 
| 250|0x000000008fa00000, 0x000000008fa00000, 0x000000008fb00000|  0%| F|  |TAMS 0x000000008fa00000, 0x000000008fa00000| Untracked 
| 251|0x000000008fb00000, 0x000000008fb00000, 0x000000008fc00000|  0%| F|  |TAMS 0x000000008fb00000, 0x000000008fb00000| Untracked 
| 252|0x000000008fc00000, 0x000000008fc00000, 0x000000008fd00000|  0%| F|  |TAMS 0x000000008fc00000, 0x000000008fc00000| Untracked 
| 253|0x000000008fd00000, 0x000000008fd00000, 0x000000008fe00000|  0%| F|  |TAMS 0x000000008fd00000, 0x000000008fd00000| Untracked 
| 254|0x000000008fe00000, 0x000000008fe00000, 0x000000008ff00000|  0%| F|  |TAMS 0x000000008fe00000, 0x000000008fe00000| Untracked 
| 255|0x000000008ff00000, 0x000000008ff00000, 0x0000000090000000|  0%| F|  |TAMS 0x000000008ff00000, 0x000000008ff00000| Untracked 
| 256|0x0000000090000000, 0x0000000090000000, 0x0000000090100000|  0%| F|  |TAMS 0x0000000090000000, 0x0000000090000000| Untracked 
| 257|0x0000000090100000, 0x0000000090100000, 0x0000000090200000|  0%| F|  |TAMS 0x0000000090100000, 0x0000000090100000| Untracked 
| 258|0x0000000090200000, 0x0000000090200000, 0x0000000090300000|  0%| F|  |TAMS 0x0000000090200000, 0x0000000090200000| Untracked 
| 259|0x0000000090300000, 0x0000000090300000, 0x0000000090400000|  0%| F|  |TAMS 0x0000000090300000, 0x0000000090300000| Untracked 
| 260|0x0000000090400000, 0x0000000090400000, 0x0000000090500000|  0%| F|  |TAMS 0x0000000090400000, 0x0000000090400000| Untracked 
| 261|0x0000000090500000, 0x0000000090500000, 0x0000000090600000|  0%| F|  |TAMS 0x0000000090500000, 0x0000000090500000| Untracked 
| 262|0x0000000090600000, 0x0000000090600000, 0x0000000090700000|  0%| F|  |TAMS 0x0000000090600000, 0x0000000090600000| Untracked 
| 263|0x0000000090700000, 0x0000000090700000, 0x0000000090800000|  0%| F|  |TAMS 0x0000000090700000, 0x0000000090700000| Untracked 
| 264|0x0000000090800000, 0x0000000090800000, 0x0000000090900000|  0%| F|  |TAMS 0x0000000090800000, 0x0000000090800000| Untracked 
| 265|0x0000000090900000, 0x0000000090900000, 0x0000000090a00000|  0%| F|  |TAMS 0x0000000090900000, 0x0000000090900000| Untracked 
| 266|0x0000000090a00000, 0x0000000090a00000, 0x0000000090b00000|  0%| F|  |TAMS 0x0000000090a00000, 0x0000000090a00000| Untracked 
| 267|0x0000000090b00000, 0x0000000090b00000, 0x0000000090c00000|  0%| F|  |TAMS 0x0000000090b00000, 0x0000000090b00000| Untracked 
| 268|0x0000000090c00000, 0x0000000090c00000, 0x0000000090d00000|  0%| F|  |TAMS 0x0000000090c00000, 0x0000000090c00000| Untracked 
| 269|0x0000000090d00000, 0x0000000090d00000, 0x0000000090e00000|  0%| F|  |TAMS 0x0000000090d00000, 0x0000000090d00000| Untracked 
| 270|0x0000000090e00000, 0x0000000090e00000, 0x0000000090f00000|  0%| F|  |TAMS 0x0000000090e00000, 0x0000000090e00000| Untracked 
| 271|0x0000000090f00000, 0x0000000090f00000, 0x0000000091000000|  0%| F|  |TAMS 0x0000000090f00000, 0x0000000090f00000| Untracked 
| 272|0x0000000091000000, 0x0000000091000000, 0x0000000091100000|  0%| F|  |TAMS 0x0000000091000000, 0x0000000091000000| Untracked 
| 273|0x0000000091100000, 0x0000000091100000, 0x0000000091200000|  0%| F|  |TAMS 0x0000000091100000, 0x0000000091100000| Untracked 
| 274|0x0000000091200000, 0x0000000091200000, 0x0000000091300000|  0%| F|  |TAMS 0x0000000091200000, 0x0000000091200000| Untracked 
| 275|0x0000000091300000, 0x0000000091300000, 0x0000000091400000|  0%| F|  |TAMS 0x0000000091300000, 0x0000000091300000| Untracked 
| 276|0x0000000091400000, 0x0000000091400000, 0x0000000091500000|  0%| F|  |TAMS 0x0000000091400000, 0x0000000091400000| Untracked 
| 277|0x0000000091500000, 0x0000000091500000, 0x0000000091600000|  0%| F|  |TAMS 0x0000000091500000, 0x0000000091500000| Untracked 
| 278|0x0000000091600000, 0x0000000091600000, 0x0000000091700000|  0%| F|  |TAMS 0x0000000091600000, 0x0000000091600000| Untracked 
| 279|0x0000000091700000, 0x0000000091700000, 0x0000000091800000|  0%| F|  |TAMS 0x0000000091700000, 0x0000000091700000| Untracked 
| 280|0x0000000091800000, 0x0000000091800000, 0x0000000091900000|  0%| F|  |TAMS 0x0000000091800000, 0x0000000091800000| Untracked 
| 281|0x0000000091900000, 0x0000000091900000, 0x0000000091a00000|  0%| F|  |TAMS 0x0000000091900000, 0x0000000091900000| Untracked 
| 282|0x0000000091a00000, 0x0000000091a00000, 0x0000000091b00000|  0%| F|  |TAMS 0x0000000091a00000, 0x0000000091a00000| Untracked 
| 283|0x0000000091b00000, 0x0000000091b00000, 0x0000000091c00000|  0%| F|  |TAMS 0x0000000091b00000, 0x0000000091b00000| Untracked 
| 284|0x0000000091c00000, 0x0000000091c00000, 0x0000000091d00000|  0%| F|  |TAMS 0x0000000091c00000, 0x0000000091c00000| Untracked 
| 285|0x0000000091d00000, 0x0000000091d00000, 0x0000000091e00000|  0%| F|  |TAMS 0x0000000091d00000, 0x0000000091d00000| Untracked 
| 286|0x0000000091e00000, 0x0000000091e00000, 0x0000000091f00000|  0%| F|  |TAMS 0x0000000091e00000, 0x0000000091e00000| Untracked 
| 287|0x0000000091f00000, 0x0000000091f00000, 0x0000000092000000|  0%| F|  |TAMS 0x0000000091f00000, 0x0000000091f00000| Untracked 
| 288|0x0000000092000000, 0x0000000092000000, 0x0000000092100000|  0%| F|  |TAMS 0x0000000092000000, 0x0000000092000000| Untracked 
| 289|0x0000000092100000, 0x0000000092100000, 0x0000000092200000|  0%| F|  |TAMS 0x0000000092100000, 0x0000000092100000| Untracked 
| 290|0x0000000092200000, 0x0000000092200000, 0x0000000092300000|  0%| F|  |TAMS 0x0000000092200000, 0x0000000092200000| Untracked 
| 291|0x0000000092300000, 0x0000000092300000, 0x0000000092400000|  0%| F|  |TAMS 0x0000000092300000, 0x0000000092300000| Untracked 
| 292|0x0000000092400000, 0x0000000092400000, 0x0000000092500000|  0%| F|  |TAMS 0x0000000092400000, 0x0000000092400000| Untracked 
| 293|0x0000000092500000, 0x0000000092500000, 0x0000000092600000|  0%| F|  |TAMS 0x0000000092500000, 0x0000000092500000| Untracked 
| 294|0x0000000092600000, 0x0000000092600000, 0x0000000092700000|  0%| F|  |TAMS 0x0000000092600000, 0x0000000092600000| Untracked 
| 295|0x0000000092700000, 0x0000000092700000, 0x0000000092800000|  0%| F|  |TAMS 0x0000000092700000, 0x0000000092700000| Untracked 
| 296|0x0000000092800000, 0x0000000092800000, 0x0000000092900000|  0%| F|  |TAMS 0x0000000092800000, 0x0000000092800000| Untracked 
| 297|0x0000000092900000, 0x0000000092900000, 0x0000000092a00000|  0%| F|  |TAMS 0x0000000092900000, 0x0000000092900000| Untracked 
| 298|0x0000000092a00000, 0x0000000092a00000, 0x0000000092b00000|  0%| F|  |TAMS 0x0000000092a00000, 0x0000000092a00000| Untracked 
| 299|0x0000000092b00000, 0x0000000092b00000, 0x0000000092c00000|  0%| F|  |TAMS 0x0000000092b00000, 0x0000000092b00000| Untracked 
| 300|0x0000000092c00000, 0x0000000092c00000, 0x0000000092d00000|  0%| F|  |TAMS 0x0000000092c00000, 0x0000000092c00000| Untracked 
| 301|0x0000000092d00000, 0x0000000092d00000, 0x0000000092e00000|  0%| F|  |TAMS 0x0000000092d00000, 0x0000000092d00000| Untracked 
| 302|0x0000000092e00000, 0x0000000092e00000, 0x0000000092f00000|  0%| F|  |TAMS 0x0000000092e00000, 0x0000000092e00000| Untracked 
| 303|0x0000000092f00000, 0x0000000092f00000, 0x0000000093000000|  0%| F|  |TAMS 0x0000000092f00000, 0x0000000092f00000| Untracked 
| 304|0x0000000093000000, 0x0000000093000000, 0x0000000093100000|  0%| F|  |TAMS 0x0000000093000000, 0x0000000093000000| Untracked 
| 305|0x0000000093100000, 0x0000000093100000, 0x0000000093200000|  0%| F|  |TAMS 0x0000000093100000, 0x0000000093100000| Untracked 
| 306|0x0000000093200000, 0x0000000093200000, 0x0000000093300000|  0%| F|  |TAMS 0x0000000093200000, 0x0000000093200000| Untracked 
| 307|0x0000000093300000, 0x0000000093300000, 0x0000000093400000|  0%| F|  |TAMS 0x0000000093300000, 0x0000000093300000| Untracked 
| 308|0x0000000093400000, 0x0000000093400000, 0x0000000093500000|  0%| F|  |TAMS 0x0000000093400000, 0x0000000093400000| Untracked 
| 309|0x0000000093500000, 0x0000000093500000, 0x0000000093600000|  0%| F|  |TAMS 0x0000000093500000, 0x0000000093500000| Untracked 

Card table byte_map: [0x00000225fcfd0000,0x00000225fd3d0000] _byte_map_base: 0x00000225fcbd0000

Marking Bits (Prev, Next): (CMBitMap*) 0x00000225e8330e80, (CMBitMap*) 0x00000225e8330e48
 Prev Bits: [0x0000022580000000, 0x0000022582000000)
 Next Bits: [0x00000225fd7d0000, 0x00000225ff7d0000)

Polling page: 0x00000225e80d0000

Metaspace:

Usage:
  Non-class:     97.98 MB capacity,    96.28 MB ( 98%) used,     1.35 MB (  1%) free+waste,   360.56 KB ( <1%) overhead. 
      Class:     14.91 MB capacity,    13.81 MB ( 93%) used,   960.23 KB (  6%) free+waste,   159.81 KB (  1%) overhead. 
       Both:    112.88 MB capacity,   110.09 MB ( 98%) used,     2.29 MB (  2%) free+waste,   520.38 KB ( <1%) overhead. 

Virtual space:
  Non-class space:       98.00 MB reserved,      98.00 MB (100%) committed 
      Class space:        1.00 GB reserved,      14.95 MB (  1%) committed 
             Both:        1.10 GB reserved,     112.95 MB ( 10%) committed 

Chunk freelists:
   Non-Class:  24.00 KB
       Class:  0 bytes
        Both:  24.00 KB

MaxMetaspaceSize: 17179869184.00 GB
CompressedClassSpaceSize: 1.00 GB

CodeHeap 'non-profiled nmethods': size=120064Kb used=11911Kb max_used=11911Kb free=108152Kb
 bounds [0x00000225f5070000, 0x00000225f5c20000, 0x00000225fc5b0000]
CodeHeap 'profiled nmethods': size=120000Kb used=40179Kb max_used=40179Kb free=79820Kb
 bounds [0x00000225edb40000, 0x00000225f0290000, 0x00000225f5070000]
CodeHeap 'non-nmethods': size=5696Kb used=2412Kb max_used=2506Kb free=3283Kb
 bounds [0x00000225ed5b0000, 0x00000225ed830000, 0x00000225edb40000]
 total_blobs=18111 nmethods=17064 adapters=956
 compilation: enabled
              stopped_count=0, restarted_count=0
 full_count=0

Compilation events (20 events):
Event: 45.260 Thread 0x00000225ffe38000 18206       2       com.android.tools.r8.code.D0$$Lambda$1537/0x0000000100e74440::a (5 bytes)
Event: 45.260 Thread 0x00000225ffe38000 nmethod 18206 0x00000225f0288710 code [0x00000225f02888e0, 0x00000225f0288a38]
Event: 45.292 Thread 0x000002258b934800 nmethod 18105% 0x00000225f5c01990 code [0x00000225f5c025a0, 0x00000225f5c0bc20]
Event: 45.293 Thread 0x000002258b934800 18169       4       com.android.tools.r8.graph.W0::a (158 bytes)
Event: 45.294 Thread 0x00000225ffe38000 18207       2       com.android.tools.r8.internal.T81::compare (22 bytes)
Event: 45.294 Thread 0x00000225ffe38000 nmethod 18207 0x00000225f0288b10 code [0x00000225f0288ce0, 0x00000225f0288ed8]
Event: 45.302 Thread 0x000002258b934800 nmethod 18169 0x00000225f5c11e10 code [0x00000225f5c11fc0, 0x00000225f5c123b8]
Event: 45.302 Thread 0x000002258b934800 18111       4       com.android.tools.r8.internal.qB0::a (36 bytes)
Event: 45.304 Thread 0x000002258b934800 nmethod 18111 0x00000225f5c12590 code [0x00000225f5c12720, 0x00000225f5c12818]
Event: 45.304 Thread 0x000002258b934800 18208       4       com.android.tools.r8.internal.SR0::a (3200 bytes)
Event: 45.317 Thread 0x00000225ffe38000 18209       1       com.android.tools.r8.internal.p91::e2 (3 bytes)
Event: 45.317 Thread 0x00000225ffe38000 nmethod 18209 0x00000225f5c12990 code [0x00000225f5c12b40, 0x00000225f5c12bf8]
Event: 45.398 Thread 0x00000225ffe38000 18210       2       com.android.tools.r8.internal.dB0::a (57 bytes)
Event: 45.398 Thread 0x00000225ffe38000 nmethod 18210 0x00000225f0289010 code [0x00000225f0289200, 0x00000225f0289498]
Event: 45.410 Thread 0x00000225ffe38000 18212       2       com.android.tools.r8.ir.regalloc.e$$Lambda$1529/0x0000000100e76440::apply (8 bytes)
Event: 45.411 Thread 0x00000225ffe38000 nmethod 18212 0x00000225f0289690 code [0x00000225f0289880, 0x00000225f0289b08]
Event: 45.411 Thread 0x00000225ffe38000 18213       2       com.android.tools.r8.ir.regalloc.e::b (8 bytes)
Event: 45.411 Thread 0x00000225ffe38000 nmethod 18213 0x00000225f0289c90 code [0x00000225f0289e80, 0x00000225f028a0c8]
Event: 45.419 Thread 0x00000225ffe38000 18214       2       com.android.tools.r8.internal.BL0::a (110 bytes)
Event: 45.421 Thread 0x00000225ffe38000 nmethod 18214 0x00000225f028a210 code [0x00000225f028a480, 0x00000225f028acd8]

GC Heap History (20 events):
Event: 40.859 GC heap after
{Heap after GC invocations=53 (full 0):
 garbage-first heap   total 264192K, used 165349K [0x0000000080000000, 0x0000000100000000)
  region size 1024K, 6 young (6144K), 6 survivors (6144K)
 Metaspace       used 112149K, capacity 115005K, committed 115148K, reserved 1148928K
  class space    used 14099K, capacity 15207K, committed 15308K, reserved 1048576K
}
Event: 41.162 GC heap before
{Heap before GC invocations=53 (full 0):
 garbage-first heap   total 264192K, used 226789K [0x0000000080000000, 0x0000000100000000)
  region size 1024K, 66 young (67584K), 6 survivors (6144K)
 Metaspace       used 112172K, capacity 115014K, committed 115148K, reserved 1148928K
  class space    used 14101K, capacity 15210K, committed 15308K, reserved 1048576K
}
Event: 41.173 GC heap after
{Heap after GC invocations=54 (full 0):
 garbage-first heap   total 264192K, used 165671K [0x0000000080000000, 0x0000000100000000)
  region size 1024K, 5 young (5120K), 5 survivors (5120K)
 Metaspace       used 112172K, capacity 115014K, committed 115148K, reserved 1148928K
  class space    used 14101K, capacity 15210K, committed 15308K, reserved 1048576K
}
Event: 41.575 GC heap before
{Heap before GC invocations=54 (full 0):
 garbage-first heap   total 264192K, used 227111K [0x0000000080000000, 0x0000000100000000)
  region size 1024K, 66 young (67584K), 5 survivors (5120K)
 Metaspace       used 112180K, capacity 115015K, committed 115148K, reserved 1148928K
  class space    used 14101K, capacity 15210K, committed 15308K, reserved 1048576K
}
Event: 41.589 GC heap after
{Heap after GC invocations=55 (full 0):
 garbage-first heap   total 264192K, used 169103K [0x0000000080000000, 0x0000000100000000)
  region size 1024K, 8 young (8192K), 8 survivors (8192K)
 Metaspace       used 112180K, capacity 115015K, committed 115148K, reserved 1148928K
  class space    used 14101K, capacity 15210K, committed 15308K, reserved 1048576K
}
Event: 42.020 GC heap before
{Heap before GC invocations=55 (full 0):
 garbage-first heap   total 264192K, used 230543K [0x0000000080000000, 0x0000000100000000)
  region size 1024K, 69 young (70656K), 8 survivors (8192K)
 Metaspace       used 112204K, capacity 115020K, committed 115148K, reserved 1148928K
  class space    used 14102K, capacity 15211K, committed 15308K, reserved 1048576K
}
Event: 42.034 GC heap after
{Heap after GC invocations=56 (full 0):
 garbage-first heap   total 317440K, used 168251K [0x0000000080000000, 0x0000000100000000)
  region size 1024K, 4 young (4096K), 4 survivors (4096K)
 Metaspace       used 112204K, capacity 115020K, committed 115148K, reserved 1148928K
  class space    used 14102K, capacity 15211K, committed 15308K, reserved 1048576K
}
Event: 42.762 GC heap before
{Heap before GC invocations=56 (full 0):
 garbage-first heap   total 317440K, used 255291K [0x0000000080000000, 0x0000000100000000)
  region size 1024K, 89 young (91136K), 4 survivors (4096K)
 Metaspace       used 112229K, capacity 115090K, committed 115404K, reserved 1148928K
  class space    used 14102K, capacity 15212K, committed 15308K, reserved 1048576K
}
Event: 42.772 GC heap after
{Heap after GC invocations=57 (full 0):
 garbage-first heap   total 317440K, used 170662K [0x0000000080000000, 0x0000000100000000)
  region size 1024K, 6 young (6144K), 6 survivors (6144K)
 Metaspace       used 112229K, capacity 115090K, committed 115404K, reserved 1148928K
  class space    used 14102K, capacity 15212K, committed 15308K, reserved 1048576K
}
Event: 43.197 GC heap before
{Heap before GC invocations=57 (full 0):
 garbage-first heap   total 317440K, used 261798K [0x0000000080000000, 0x0000000100000000)
  region size 1024K, 96 young (98304K), 6 survivors (6144K)
 Metaspace       used 112279K, capacity 115167K, committed 115404K, reserved 1148928K
  class space    used 14104K, capacity 15215K, committed 15308K, reserved 1048576K
}
Event: 43.206 GC heap after
{Heap after GC invocations=58 (full 0):
 garbage-first heap   total 317440K, used 169638K [0x0000000080000000, 0x0000000100000000)
  region size 1024K, 5 young (5120K), 5 survivors (5120K)
 Metaspace       used 112279K, capacity 115167K, committed 115404K, reserved 1148928K
  class space    used 14104K, capacity 15215K, committed 15308K, reserved 1048576K
}
Event: 43.607 GC heap before
{Heap before GC invocations=58 (full 0):
 garbage-first heap   total 317440K, used 266918K [0x0000000080000000, 0x0000000100000000)
  region size 1024K, 101 young (103424K), 5 survivors (5120K)
 Metaspace       used 112314K, capacity 115168K, committed 115404K, reserved 1148928K
  class space    used 14104K, capacity 15215K, committed 15308K, reserved 1048576K
}
Event: 43.617 GC heap after
{Heap after GC invocations=59 (full 0):
 garbage-first heap   total 317440K, used 170436K [0x0000000080000000, 0x0000000100000000)
  region size 1024K, 6 young (6144K), 6 survivors (6144K)
 Metaspace       used 112314K, capacity 115168K, committed 115404K, reserved 1148928K
  class space    used 14104K, capacity 15215K, committed 15308K, reserved 1048576K
}
Event: 44.044 GC heap before
{Heap before GC invocations=59 (full 0):
 garbage-first heap   total 317440K, used 267716K [0x0000000080000000, 0x0000000100000000)
  region size 1024K, 101 young (103424K), 6 survivors (6144K)
 Metaspace       used 112329K, capacity 115234K, committed 115404K, reserved 1148928K
  class space    used 14104K, capacity 15215K, committed 15308K, reserved 1048576K
}
Event: 44.058 GC heap after
{Heap after GC invocations=60 (full 0):
 garbage-first heap   total 317440K, used 173734K [0x0000000080000000, 0x0000000100000000)
  region size 1024K, 9 young (9216K), 9 survivors (9216K)
 Metaspace       used 112329K, capacity 115234K, committed 115404K, reserved 1148928K
  class space    used 14104K, capacity 15215K, committed 15308K, reserved 1048576K
}
Event: 44.503 GC heap before
{Heap before GC invocations=60 (full 0):
 garbage-first heap   total 317440K, used 268966K [0x0000000080000000, 0x0000000100000000)
  region size 1024K, 102 young (104448K), 9 survivors (9216K)
 Metaspace       used 112667K, capacity 115583K, committed 115660K, reserved 1148928K
  class space    used 14143K, capacity 15264K, committed 15308K, reserved 1048576K
}
Event: 44.519 GC heap after
{Heap after GC invocations=61 (full 0):
 garbage-first heap   total 317440K, used 172590K [0x0000000080000000, 0x0000000100000000)
  region size 1024K, 6 young (6144K), 6 survivors (6144K)
 Metaspace       used 112667K, capacity 115583K, committed 115660K, reserved 1148928K
  class space    used 14143K, capacity 15264K, committed 15308K, reserved 1048576K
}
Event: 44.887 GC heap before
{Heap before GC invocations=61 (full 0):
 garbage-first heap   total 317440K, used 270894K [0x0000000080000000, 0x0000000100000000)
  region size 1024K, 102 young (104448K), 6 survivors (6144K)
 Metaspace       used 112682K, capacity 115584K, committed 115660K, reserved 1148928K
  class space    used 14144K, capacity 15264K, committed 15308K, reserved 1048576K
}
Event: 44.905 GC heap after
{Heap after GC invocations=62 (full 0):
 garbage-first heap   total 317440K, used 174889K [0x0000000080000000, 0x0000000100000000)
  region size 1024K, 8 young (8192K), 8 survivors (8192K)
 Metaspace       used 112682K, capacity 115584K, committed 115660K, reserved 1148928K
  class space    used 14144K, capacity 15264K, committed 15308K, reserved 1048576K
}
Event: 45.425 GC heap before
{Heap before GC invocations=62 (full 0):
 garbage-first heap   total 317440K, used 271145K [0x0000000080000000, 0x0000000100000000)
  region size 1024K, 103 young (105472K), 8 survivors (8192K)
 Metaspace       used 112732K, capacity 115593K, committed 115660K, reserved 1148928K
  class space    used 14144K, capacity 15265K, committed 15308K, reserved 1048576K
}

Deoptimization events (20 events):
Event: 44.826 Thread 0x0000022587e1c000 DEOPT PACKING pc=0x00000225f5b81330 sp=0x00000049f3df9020
Event: 44.826 Thread 0x0000022587e1c000 DEOPT UNPACKING pc=0x00000225ed5b83af sp=0x00000049f3df9048 mode 2
Event: 44.989 Thread 0x0000022587e18800 Uncommon trap: trap_request=0xffffff4d fr.pc=0x00000225f50e6e9c relative=0x000000000000041c
Event: 44.990 Thread 0x0000022587e18800 Uncommon trap: reason=unstable_if action=reinterpret pc=0x00000225f50e6e9c method=com.android.tools.r8.internal.JK0.a(C)Z @ 9 c2
Event: 44.990 Thread 0x0000022587e18800 DEOPT PACKING pc=0x00000225f50e6e9c sp=0x00000049f40f9780
Event: 44.990 Thread 0x0000022587e18800 DEOPT UNPACKING pc=0x00000225ed5b83af sp=0x00000049f40f95b8 mode 2
Event: 45.043 Thread 0x0000022587e1c000 DEOPT PACKING pc=0x00000225edba986b sp=0x00000049f3df9190
Event: 45.043 Thread 0x0000022587e1c000 DEOPT UNPACKING pc=0x00000225ed5d7c0e sp=0x00000049f3df8638 mode 0
Event: 45.227 Thread 0x0000022587e18800 Uncommon trap: trap_request=0xffffffe4 fr.pc=0x00000225f51776ec relative=0x000000000000022c
Event: 45.227 Thread 0x0000022587e18800 Uncommon trap: reason=range_check action=make_not_entrant pc=0x00000225f51776ec method=com.android.tools.r8.graph.W0.a(Lcom/android/tools/r8/graph/W0;)I @ 9 c2
Event: 45.227 Thread 0x0000022587e18800 DEOPT PACKING pc=0x00000225f51776ec sp=0x00000049f40f9e20
Event: 45.227 Thread 0x0000022587e18800 DEOPT UNPACKING pc=0x00000225ed5b83af sp=0x00000049f40f9d98 mode 2
Event: 45.232 Thread 0x0000022587e18800 DEOPT PACKING pc=0x00000225edf4442d sp=0x00000049f40f9c60
Event: 45.232 Thread 0x0000022587e18800 DEOPT UNPACKING pc=0x00000225ed5d7c0e sp=0x00000049f40f9100 mode 0
Event: 45.305 Thread 0x0000022587e1c000 Uncommon trap: trap_request=0xffffffde fr.pc=0x00000225f5a839c4 relative=0x0000000000004664
Event: 45.305 Thread 0x0000022587e1c000 Uncommon trap: reason=class_check action=maybe_recompile pc=0x00000225f5a839c4 method=com.android.tools.r8.internal.lX0.a(Lcom/android/tools/r8/graph/L0;Lcom/android/tools/r8/internal/RX0;)Z @ 77 c2
Event: 45.305 Thread 0x0000022587e1c000 DEOPT PACKING pc=0x00000225f5a839c4 sp=0x00000049f3df9750
Event: 45.305 Thread 0x0000022587e1c000 DEOPT UNPACKING pc=0x00000225ed5b83af sp=0x00000049f3df96c8 mode 2
Event: 45.378 Thread 0x00000225879ff000 DEOPT PACKING pc=0x00000225efd5c7b4 sp=0x00000049f4ef9570
Event: 45.378 Thread 0x00000225879ff000 DEOPT UNPACKING pc=0x00000225ed5d7c0e sp=0x00000049f4ef8e28 mode 0

Classes redefined (0 events):
No events

Internal exceptions (20 events):
Event: 40.190 Thread 0x0000022587e18800 Exception <a 'java/lang/NoSuchMethodError'{0x000000008cf0c1b0}: 'java.lang.Object java.lang.invoke.Invokers$Holder.linkToTargetMethod(java.lang.Object, int, java.lang.Object, java.lang.Object, java.lang.Object, java.lang.Object)'> (0x000000008cf0c1b0) thrown at [./src/hotspot/share/interpreter/linkResolver.cpp, line 773]
Event: 40.192 Thread 0x0000022587e18800 Exception <a 'java/lang/NoSuchMethodError'{0x000000008cf2c630}: 'java.lang.Object java.lang.invoke.Invokers$Holder.linkToTargetMethod(java.lang.Object, java.lang.Object, java.lang.Object, int, java.lang.Object, java.lang.Object, java.lang.Object)'> (0x000000008cf2c630) thrown at [./src/hotspot/share/interpreter/linkResolver.cpp, line 773]
Event: 40.195 Thread 0x0000022587e18800 Exception <a 'java/lang/NoSuchMethodError'{0x000000008cf41a28}: 'void java.lang.invoke.DirectMethodHandle$Holder.invokeStatic(java.lang.Object, java.lang.Object, java.lang.Object, java.lang.Object, java.lang.Object, java.lang.Object, java.lang.Object, java.lang.Object)'> (0x000000008cf41a28) thrown at [./src/hotspot/share/interpreter/linkResolver.cpp, line 773]
Event: 40.395 Thread 0x0000022587e18800 Exception <a 'java/lang/IncompatibleClassChangeError'{0x000000008f3a9650}: Found class java.lang.Object, but interface was expected> (0x000000008f3a9650) thrown at [./src/hotspot/share/interpreter/linkResolver.cpp, line 839]
Event: 40.633 Thread 0x0000022587e18800 Exception <a 'java/lang/NoSuchMethodError'{0x000000008d5fcfe8}: 'void java.lang.invoke.DirectMethodHandle$Holder.invokeVirtual(java.lang.Object, java.lang.Object, int)'> (0x000000008d5fcfe8) thrown at [./src/hotspot/share/interpreter/linkResolver.cpp, line 773]
Event: 40.791 Thread 0x0000022587e18800 Exception <a 'sun/nio/fs/WindowsException'{0x000000008ca5dd40}> (0x000000008ca5dd40) thrown at [./src/hotspot/share/prims/jni.cpp, line 615]
Event: 41.448 Thread 0x0000022587e18800 Exception <a 'sun/nio/fs/WindowsException'{0x000000008d9729e0}> (0x000000008d9729e0) thrown at [./src/hotspot/share/prims/jni.cpp, line 615]
Event: 41.677 Thread 0x0000022587e18800 Exception <a 'sun/nio/fs/WindowsException'{0x000000008f361018}> (0x000000008f361018) thrown at [./src/hotspot/share/prims/jni.cpp, line 615]
Event: 42.459 Thread 0x00000225879ff000 Implicit null exception at 0x00000225f525c027 to 0x00000225f525ecbc
Event: 42.712 Thread 0x0000022587e18800 Exception <a 'sun/nio/fs/WindowsException'{0x000000008ed41120}> (0x000000008ed41120) thrown at [./src/hotspot/share/prims/jni.cpp, line 615]
Event: 42.884 Thread 0x0000022587e18800 Exception <a 'sun/nio/fs/WindowsException'{0x0000000091ec3b48}> (0x0000000091ec3b48) thrown at [./src/hotspot/share/prims/jni.cpp, line 615]
Event: 43.215 Thread 0x0000022587e18800 Exception <a 'sun/nio/fs/WindowsException'{0x00000000931c9030}> (0x00000000931c9030) thrown at [./src/hotspot/share/prims/jni.cpp, line 615]
Event: 43.288 Thread 0x0000022587e18800 Exception <a 'sun/nio/fs/WindowsException'{0x0000000091e175b8}> (0x0000000091e175b8) thrown at [./src/hotspot/share/prims/jni.cpp, line 615]
Event: 43.774 Thread 0x0000022587e18800 Exception <a 'sun/nio/fs/WindowsException'{0x0000000091351310}> (0x0000000091351310) thrown at [./src/hotspot/share/prims/jni.cpp, line 615]
Event: 44.278 Thread 0x0000022587e18800 Exception <a 'sun/nio/fs/WindowsException'{0x0000000090b92dc8}> (0x0000000090b92dc8) thrown at [./src/hotspot/share/prims/jni.cpp, line 615]
Event: 44.312 Thread 0x0000022587e1c000 Exception <a 'java/lang/NoSuchMethodError'{0x000000008ff7c870}: 'java.lang.Object java.lang.invoke.DirectMethodHandle$Holder.invokeSpecial(java.lang.Object, java.lang.Object, java.lang.Object, java.lang.Object, java.lang.Object, java.lang.Object, java.lang.Object, java.lang.Object, java.lang.Object, java.lang.Object, java.lang.Object)'> (0x000000008ff7c870) thrown at [./src/hotspot/share/interpreter/linkResolver.cpp, line 773]
Event: 44.315 Thread 0x0000022587e1c000 Exception <a 'java/lang/NoSuchMethodError'{0x000000008ff886d0}: 'java.lang.Object java.lang.invoke.Invokers$Holder.linkToTargetMethod(java.lang.Object, java.lang.Object, java.lang.Object, java.lang.Object, java.lang.Object, java.lang.Object, java.lang.Object, java.lang.Object, java.lang.Object, java.lang.Object)'> (0x000000008ff886d0) thrown at [./src/hotspot/share/interpreter/linkResolver.cpp, line 773]
Event: 44.372 Thread 0x0000022587e1c000 Exception <a 'java/lang/IncompatibleClassChangeError'{0x000000008f700c90}: Found class java.lang.Object, but interface was expected> (0x000000008f700c90) thrown at [./src/hotspot/share/interpreter/linkResolver.cpp, line 839]
Event: 44.527 Thread 0x0000022587e18800 Exception <a 'sun/nio/fs/WindowsException'{0x000000009306aff0}> (0x000000009306aff0) thrown at [./src/hotspot/share/prims/jni.cpp, line 615]
Event: 45.253 Thread 0x0000022587e18800 Exception <a 'sun/nio/fs/WindowsException'{0x000000008f528820}> (0x000000008f528820) thrown at [./src/hotspot/share/prims/jni.cpp, line 615]

Events (20 events):
Event: 44.387 loading class com/android/tools/r8/graph/S0 done
Event: 44.388 loading class com/android/tools/r8/graph/S0$a
Event: 44.388 loading class com/android/tools/r8/graph/S0$a done
Event: 44.388 loading class com/android/tools/r8/internal/YP0
Event: 44.388 loading class com/android/tools/r8/internal/YP0 done
Event: 44.389 loading class com/android/tools/r8/graph/X0
Event: 44.389 loading class com/android/tools/r8/graph/X0 done
Event: 44.389 loading class com/android/tools/r8/internal/YP0
Event: 44.389 loading class com/android/tools/r8/internal/YP0 done
Event: 44.503 Executing VM operation: G1CollectForAllocation
Event: 44.519 Executing VM operation: G1CollectForAllocation done
Event: 44.591 loading class com/android/tools/r8/internal/NY0
Event: 44.591 loading class com/android/tools/r8/internal/NY0 done
Event: 44.882 Executing VM operation: G1CollectForAllocation
Event: 44.905 Executing VM operation: G1CollectForAllocation done
Event: 45.211 loading class com/android/tools/r8/graph/u1$e
Event: 45.211 loading class com/android/tools/r8/graph/u1$e done
Event: 45.211 loading class com/android/tools/r8/graph/J1
Event: 45.211 loading class com/android/tools/r8/graph/J1 done
Event: 45.424 Executing VM operation: G1CollectForAllocation


Dynamic libraries:
0x00007ff6a8920000 - 0x00007ff6a892a000 	C:\Program Files\Android\Android Studio\jre\bin\java.exe
0x00007ffb6f080000 - 0x00007ffb6f289000 	C:\WINDOWS\SYSTEM32\ntdll.dll
0x00007ffb6ec90000 - 0x00007ffb6ed4d000 	C:\WINDOWS\System32\KERNEL32.DLL
0x00007ffb6ca50000 - 0x00007ffb6cdc4000 	C:\WINDOWS\System32\KERNELBASE.dll
0x00007ffb6c570000 - 0x00007ffb6c681000 	C:\WINDOWS\System32\ucrtbase.dll
0x00007ffb49d60000 - 0x00007ffb49d77000 	C:\Program Files\Android\Android Studio\jre\bin\VCRUNTIME140.dll
0x00007ffb49d80000 - 0x00007ffb49d99000 	C:\Program Files\Android\Android Studio\jre\bin\jli.dll
0x00007ffb6e1b0000 - 0x00007ffb6e35c000 	C:\WINDOWS\System32\USER32.dll
0x00007ffb6cdd0000 - 0x00007ffb6cdf6000 	C:\WINDOWS\System32\win32u.dll
0x00007ffb6d7b0000 - 0x00007ffb6d7d9000 	C:\WINDOWS\System32\GDI32.dll
0x00007ffb6ce00000 - 0x00007ffb6cf12000 	C:\WINDOWS\System32\gdi32full.dll
0x00007ffb6c9b0000 - 0x00007ffb6ca4d000 	C:\WINDOWS\System32\msvcp_win.dll
0x00007ffb53260000 - 0x00007ffb53505000 	C:\WINDOWS\WinSxS\amd64_microsoft.windows.common-controls_6595b64144ccf1df_6.0.22000.120_none_9d947278b86cc467\COMCTL32.dll
0x00007ffb6d910000 - 0x00007ffb6d9b3000 	C:\WINDOWS\System32\msvcrt.dll
0x00007ffb6ee30000 - 0x00007ffb6ee61000 	C:\WINDOWS\System32\IMM32.DLL
0x00007ffb49cc0000 - 0x00007ffb49d5d000 	C:\Program Files\Android\Android Studio\jre\bin\msvcp140.dll
0x00007ffb2c9d0000 - 0x00007ffb2d4a5000 	C:\Program Files\Android\Android Studio\jre\bin\server\jvm.dll
0x00007ffb6dce0000 - 0x00007ffb6dd8e000 	C:\WINDOWS\System32\ADVAPI32.dll
0x00007ffb6d590000 - 0x00007ffb6d62e000 	C:\WINDOWS\System32\sechost.dll
0x00007ffb6db60000 - 0x00007ffb6dc80000 	C:\WINDOWS\System32\RPCRT4.dll
0x00007ffb6ee70000 - 0x00007ffb6ee78000 	C:\WINDOWS\System32\PSAPI.DLL
0x00007ffb4c800000 - 0x00007ffb4c809000 	C:\WINDOWS\SYSTEM32\WSOCK32.dll
0x00007ffb6d800000 - 0x00007ffb6d86f000 	C:\WINDOWS\System32\WS2_32.dll
0x00007ffb617c0000 - 0x00007ffb617f3000 	C:\WINDOWS\SYSTEM32\WINMM.dll
0x00007ffb5c400000 - 0x00007ffb5c40a000 	C:\WINDOWS\SYSTEM32\VERSION.dll
0x00007ffb6b670000 - 0x00007ffb6b688000 	C:\WINDOWS\SYSTEM32\kernel.appcore.dll
0x00007ffb4f990000 - 0x00007ffb4f9a1000 	C:\Program Files\Android\Android Studio\jre\bin\verify.dll
0x00007ffb671e0000 - 0x00007ffb67401000 	C:\WINDOWS\SYSTEM32\DBGHELP.DLL
0x00007ffb4c7b0000 - 0x00007ffb4c7e1000 	C:\WINDOWS\SYSTEM32\dbgcore.DLL
0x00007ffb6c700000 - 0x00007ffb6c77f000 	C:\WINDOWS\System32\bcryptPrimitives.dll
0x00007ffb4df40000 - 0x00007ffb4df69000 	C:\Program Files\Android\Android Studio\jre\bin\java.dll
0x00007ffb64e90000 - 0x00007ffb64e9b000 	C:\Program Files\Android\Android Studio\jre\bin\jimage.dll
0x00007ffb4f970000 - 0x00007ffb4f988000 	C:\Program Files\Android\Android Studio\jre\bin\zip.dll
0x00007ffb6e360000 - 0x00007ffb6eb0e000 	C:\WINDOWS\System32\SHELL32.dll
0x00007ffb6a6e0000 - 0x00007ffb6af48000 	C:\WINDOWS\SYSTEM32\windows.storage.dll
0x00007ffb6dda0000 - 0x00007ffb6e118000 	C:\WINDOWS\System32\combase.dll
0x00007ffb6a570000 - 0x00007ffb6a6d6000 	C:\WINDOWS\SYSTEM32\wintypes.dll
0x00007ffb6d9c0000 - 0x00007ffb6daaa000 	C:\WINDOWS\System32\SHCORE.dll
0x00007ffb6dc80000 - 0x00007ffb6dcdd000 	C:\WINDOWS\System32\shlwapi.dll
0x00007ffb6c4a0000 - 0x00007ffb6c4c1000 	C:\WINDOWS\SYSTEM32\profapi.dll
0x00007ffb4a910000 - 0x00007ffb4a92a000 	C:\Program Files\Android\Android Studio\jre\bin\net.dll
0x00007ffb625a0000 - 0x00007ffb626ac000 	C:\WINDOWS\SYSTEM32\WINHTTP.dll
0x00007ffb6baa0000 - 0x00007ffb6bb07000 	C:\WINDOWS\system32\mswsock.dll
0x00007ffb49fb0000 - 0x00007ffb49fc4000 	C:\Program Files\Android\Android Studio\jre\bin\nio.dll
0x00007ffb64ef0000 - 0x00007ffb64f17000 	C:\Users\Hp\.gradle\native\e1d6ef7f7dcc3fd88c89a11ec53ec762bb8ba0a96d01ffa2cd45eb1d1d8dd5c5\windows-amd64\native-platform.dll
0x00007ffb30e00000 - 0x00007ffb30f44000 	C:\Users\Hp\.gradle\native\5664cfc778a61ccfe75a443a1ab52a65af34e5dc3c78e0209fed803814484fcb\windows-amd64\native-platform-file-events.dll
0x00007ffb618a0000 - 0x00007ffb618aa000 	C:\Program Files\Android\Android Studio\jre\bin\management.dll
0x00007ffb53040000 - 0x00007ffb5304d000 	C:\Program Files\Android\Android Studio\jre\bin\management_ext.dll
0x00007ffb6bd60000 - 0x00007ffb6bd78000 	C:\WINDOWS\SYSTEM32\CRYPTSP.dll
0x00007ffb6b5d0000 - 0x00007ffb6b605000 	C:\WINDOWS\system32\rsaenh.dll
0x00007ffb6bb90000 - 0x00007ffb6bbb9000 	C:\WINDOWS\SYSTEM32\USERENV.dll
0x00007ffb6bed0000 - 0x00007ffb6bef7000 	C:\WINDOWS\SYSTEM32\bcrypt.dll
0x00007ffb6bd50000 - 0x00007ffb6bd5c000 	C:\WINDOWS\SYSTEM32\CRYPTBASE.dll
0x00007ffb6b1a0000 - 0x00007ffb6b1cd000 	C:\WINDOWS\SYSTEM32\IPHLPAPI.DLL
0x00007ffb6dd90000 - 0x00007ffb6dd99000 	C:\WINDOWS\System32\NSI.dll
0x00007ffb62580000 - 0x00007ffb62599000 	C:\WINDOWS\SYSTEM32\dhcpcsvc6.DLL
0x00007ffb63260000 - 0x00007ffb6327e000 	C:\WINDOWS\SYSTEM32\dhcpcsvc.DLL
0x00007ffb6b1d0000 - 0x00007ffb6b2b7000 	C:\WINDOWS\SYSTEM32\DNSAPI.dll
0x00007ffb2c820000 - 0x00007ffb2c9c5000 	C:\Program Files\Android\Android Studio\jre\bin\awt.dll
0x00007ffb6ed50000 - 0x00007ffb6ee26000 	C:\WINDOWS\System32\OLEAUT32.dll
0x00007ffb66910000 - 0x00007ffb6693f000 	C:\WINDOWS\SYSTEM32\dwmapi.dll
0x00007ffb66410000 - 0x00007ffb664a1000 	C:\WINDOWS\SYSTEM32\apphelp.dll
0x00007ffb666d0000 - 0x00007ffb6677c000 	C:\WINDOWS\system32\uxtheme.dll
0x00007ffb66a20000 - 0x00007ffb66a54000 	C:\WINDOWS\SYSTEM32\ntmarta.dll

dbghelp: loaded successfully - version: 4.0.5 - missing functions: none
symbol engine: initialized successfully - sym options: 0x614 - pdb path: .;C:\Program Files\Android\Android Studio\jre\bin;C:\WINDOWS\SYSTEM32;C:\WINDOWS\WinSxS\amd64_microsoft.windows.common-controls_6595b64144ccf1df_6.0.22000.120_none_9d947278b86cc467;C:\Program Files\Android\Android Studio\jre\bin\server;C:\Users\Hp\.gradle\native\e1d6ef7f7dcc3fd88c89a11ec53ec762bb8ba0a96d01ffa2cd45eb1d1d8dd5c5\windows-amd64;C:\Users\Hp\.gradle\native\5664cfc778a61ccfe75a443a1ab52a65af34e5dc3c78e0209fed803814484fcb\windows-amd64

VM Arguments:
jvm_args: --add-opens=java.base/java.util=ALL-UNNAMED --add-opens=java.base/java.lang=ALL-UNNAMED --add-opens=java.base/java.lang.invoke=ALL-UNNAMED --add-opens=java.base/java.util=ALL-UNNAMED --add-opens=java.prefs/java.util.prefs=ALL-UNNAMED --add-opens=java.prefs/java.util.prefs=ALL-UNNAMED --add-opens=java.base/java.nio.charset=ALL-UNNAMED --add-opens=java.base/java.net=ALL-UNNAMED --add-opens=java.base/java.util.concurrent.atomic=ALL-UNNAMED -Xmx2048m -Dfile.encoding=UTF-8 -Duser.country=US -Duser.language=en -Duser.variant 
java_command: org.gradle.launcher.daemon.bootstrap.GradleDaemon 7.2
java_class_path (initial): C:\Users\Hp\.gradle\wrapper\dists\gradle-7.2-bin\2dnblmf4td7x66yl1d74lt32g\gradle-7.2\lib\gradle-launcher-7.2.jar
Launcher Type: SUN_STANDARD

[Global flags]
     intx CICompilerCount                          = 3                                         {product} {ergonomic}
     uint ConcGCThreads                            = 1                                         {product} {ergonomic}
     uint G1ConcRefinementThreads                  = 4                                         {product} {ergonomic}
   size_t G1HeapRegionSize                         = 1048576                                   {product} {ergonomic}
    uintx GCDrainStackTargetSize                   = 64                                        {product} {ergonomic}
   size_t InitialHeapSize                          = 130023424                                 {product} {ergonomic}
   size_t MarkStackSize                            = 4194304                                   {product} {ergonomic}
   size_t MaxHeapSize                              = 2147483648                                {product} {command line}
   size_t MaxNewSize                               = 1287651328                                {product} {ergonomic}
   size_t MinHeapDeltaBytes                        = 1048576                                   {product} {ergonomic}
    uintx NonNMethodCodeHeapSize                   = 5830732                                {pd product} {ergonomic}
    uintx NonProfiledCodeHeapSize                  = 122913754                              {pd product} {ergonomic}
    uintx ProfiledCodeHeapSize                     = 122913754                              {pd product} {ergonomic}
    uintx ReservedCodeCacheSize                    = 251658240                              {pd product} {ergonomic}
     bool SegmentedCodeCache                       = true                                      {product} {ergonomic}
     bool UseCompressedClassPointers               = true                                 {lp64_product} {ergonomic}
     bool UseCompressedOops                        = true                                 {lp64_product} {ergonomic}
     bool UseG1GC                                  = true                                      {product} {ergonomic}
     bool UseLargePagesIndividualAllocation        = false                                  {pd product} {ergonomic}

Logging:
Log output configuration:
 #0: stdout all=warning uptime,level,tags
 #1: stderr all=off uptime,level,tags

Environment Variables:
PATH=C:\Program Files\Common Files\Oracle\Java\javapath;C:\WINDOWS\system32;C:\WINDOWS;C:\WINDOWS\System32\Wbem;C:\WINDOWS\System32\WindowsPowerShell\v1.0\;C:\WINDOWS\System32\OpenSSH\;C:\Program Files\Git\cmd;C:\Program Files\nodejs\;C:\Users\Hp\AppData\Local\Programs\Python\Python310\Scripts\;C:\Users\Hp\AppData\Local\Programs\Python\Python310\;C:\Users\Hp\AppData\Local\Microsoft\WindowsApps;C:\Users\Hp\AppData\Local\Programs\Microsoft VS Code\bin;C:\Users\Hp\AppData\Roaming\npm
USERNAME=Hp
OS=Windows_NT
PROCESSOR_IDENTIFIER=Intel64 Family 6 Model 126 Stepping 5, GenuineIntel



---------------  S Y S T E M  ---------------

OS: Windows 10 , 64 bit Build 22000 (10.0.22000.434)
OS uptime: 0 days 11:34 hours

CPU:total 4 (initial active 4) (2 cores per cpu, 2 threads per core) family 6 model 126 stepping 5 microcode 0xa0, cmov, cx8, fxsr, mmx, sse, sse2, sse3, ssse3, sse4.1, sse4.2, popcnt, avx, avx2, aes, clmul, erms, 3dnowpref, lzcnt, ht, tsc, tscinvbit, bmi1, bmi2, adx, evex, sha, fma

Memory: 4k page, system-wide physical 7877M (314M free)
TotalPageFile size 11912M (AvailPageFile size 59M)
current process WorkingSet (physical memory assigned to process): 696M, peak: 699M
current process commit charge ("private bytes"): 743M, peak: 805M

vm_info: OpenJDK 64-Bit Server VM (11.0.11+9-b60-7590822) for windows-amd64 JRE (11.0.11+9-b60-7590822), built on Jul 29 2021 21:43:44 by "builder" with MS VC++ 14.0 (VS2015)

END.
